2013-04-15		2000.00	3722555	备注：转出到 [李安]
2013-04-15	2000.00		3722554	备注：从 [招行一卡通] 中转入
2013-04-13		416.30	3722551	备注：转出到 [李安]
2013-04-13		4.00	3717266	备注：从 [交行信用卡] 中转入
2013-04-13	416.30		3717018	备注：从 [光大阳光卡] 中转入
2013-04-02	4002.90		3690702	备注：从 [光大阳光卡] 中转入
2013-03-28		1500.00	3681556	备注：转出到 [李安]
2013-03-28	1500.00		3681555	备注：从 [中信借记卡] 中转入
2013-03-26		102.00	3675373	备注：转出到 [孙宇]
2013-03-26	102.00		3675371	备注：从 [中信信用卡] 中转入
2013-03-25		223.00	3674650	备注：转出到 [广发信用卡]
2013-03-25		1000.00	3671616	备注：转出到 [李安]
2013-03-25	1000.00		3671615	备注：从 [光大阳光卡] 中转入
2013-03-24	223.00		3669171	备注：从 [中信借记卡] 中转入
2013-03-20		29.20	3658550	备注：从 [交行信用卡] 中转入
2013-03-18		69.00	3645061	备注：转出到 [交行信用卡]
2013-03-17	6143.24		3645060	备注：从 [中信借记卡] 中转入
2013-03-14		1833.70	3636853	备注：转出到 [李安]
2013-03-13	1833.70		3636852	备注：从 [中信借记卡] 中转入
2013-03-11		49.70	3615220	备注：从 [交行信用卡] 中转入
2013-03-11	14.70		3615214	备注：从 [交行信用卡] 中转入
2013-03-11		1.00	3615209	备注：转出到 [公司支付宝]
2013-03-11		1.00	3615207	备注：转出到 [公司支付宝]
2013-03-11	1.00		3615205	备注：从 [交行信用卡] 中转入
2013-03-11	1.00		3615203	备注：从 [交行信用卡] 中转入
2013-03-08		6.00	3610631	备注：转出到 [马涛的现金] 团购风波庄
2013-03-08	6.00		3610630	备注：从 [交行信用卡] 中转入
2013-03-01		3000.00	3592479	备注：转出到 [李安]
2013-03-01	3000.00		3592478	备注：从 [中信借记卡] 中转入
2013-03-01		1227.00	3592337	备注：转出到 [民生信用卡]
2013-03-01	1227.00		3591453	备注：从 [招行一卡通] 中转入
2013-02-21		2481.27	3573030	备注：转出到 [交行信用卡]
2013-02-21		30.00	3560277	备注：转出到 [孙宇]
2013-02-21	30.00		3560275	备注：从 [交行信用卡] 中转入
2013-02-18	2481.27		3548196	备注：从 [光大阳光卡] 中转入
2013-02-13		2034.20	3532340	备注：转出到 [李安]
2013-02-13	2034.20		3532339	备注：从 [光大阳光卡] 中转入
2013-02-13		5000.00	3532336	备注：转出到 [李安]
2013-02-13	5000.00		3532333	备注：从 [光大阳光卡] 中转入
2013-02-09		211.10	3573024	备注：转出到 [浦发信用卡]
2013-02-09	211.10		3528360	备注：从 [招行一卡通] 中转入
2013-02-08		200.00	3573023	备注：从 [招行信用卡] 中转入
2013-02-07	173.00		3521938	备注：从 [李迪] 中转入
2013-02-03		258.00	3515623	备注：从 [招行信用卡] 中转入
2013-02-01		18.00	3573020	备注：转出到 [民生信用卡]
2013-01-31	30.00		3498167	备注：从 [招行信用卡] 中转入
2013-01-25		349.01	3487413	备注：转出到 [广发信用卡]
2013-01-24	349.01		3487411	备注：从 [招行一卡通] 中转入
2013-01-20		483.82	3470410	备注：从 [招行信用卡] 中转入
2013-01-20	15.00		3470404	备注：从 [招行信用卡] 中转入
2013-01-18		10.00	3573005	备注：转出到 [马涛的现金]
2013-01-18	155.00		3465990	备注：从 [李迪] 中转入
2013-01-13		569.20	3454864	备注：转出到 [李安]
2013-01-13	187.20		3454862	备注：从 [光大阳光卡] 中转入
2013-01-10		2607.80	3447365	备注：转出到 [浦发信用卡]
2013-01-09	2607.80		3447364	备注：从 [中信借记卡] 中转入
2013-01-07		1.00	3572981	备注：转出到 [公司支付宝]
2013-01-04		53.63	3428035	备注：转出到 [李安]
2013-01-04	3000.00		3428034	备注：从 [中信借记卡] 中转入
2013-01-04		324.00	3428030	备注：转出到 [李安]
2013-01-03		135.70	3427728	备注：转出到 [民生信用卡]
2013-01-01		25.87	3402031	备注：转出到 [李安]
2012-12-27		448.90	3402029	备注：转出到 [李安]
2012-12-26		1000.00	3400914	备注：转出到 [赵巍]
2012-12-25		374.90	3454869	备注：转出到 [广发信用卡]
2012-12-25	2600.00		3399247	备注：从 [王健] 中转入
2012-12-24	374.90		3396965	备注：从 [招行一卡通] 中转入
2012-12-23		216.87	3394565	备注：从 [招行信用卡] 中转入
2012-12-21		20.00	3394601	备注：从 [招行信用卡] 中转入
2012-12-19	0.60		3384090	备注：转出到 [牛杰元]
2012-12-18	420.00		3384088	备注：从 [招行一卡通] 中转入
2012-12-18		1742.10	3383932	备注：转出到 [交行信用卡]
2012-12-17	1724.90		3383936	备注：从 [中信借记卡] 中转入
2012-12-16		116.00	3383943	备注：从 [招行信用卡] 中转入
2012-12-14		94.79	3374612	备注：转出到 [林雪]
2012-12-13		382.20	3394591	备注：转出到 [广发信用卡]
2012-12-13		91.01	3394589	备注：转出到 [中信借记卡]
2012-12-13		91.01	3394587	备注：转出到 [中信借记卡]
2012-12-13	382.20		3394586	备注：从 [中信借记卡] 中转入
2012-12-13	91.01		3394584	备注：从 [中信借记卡] 中转入
2012-12-13	91.01		3394582	备注：从 [中信借记卡] 中转入
2012-12-12		2988.21	3372468	备注：从 [广发信用卡] 中转入
2012-12-10	195.00		3366364	备注：从 [李迪] 中转入
2012-12-10		2000.00	3366361	备注：转出到 [牛杰元]
2012-12-07		17.49	3363581	备注：从 [赵巍] 中转入
2012-12-06		500.00	3372459	备注：转出到 [中信信用卡]
2012-12-05		310.00	3372455	备注：从 [中信信用卡] 中转入
2012-12-04		196.76	3372450	备注：从 [交行信用卡] 中转入
2012-12-03		50.00	3372445	备注：转出到 [马涛的现金]
2012-12-03	50.00		3372444	备注：从 [中信借记卡] 中转入
2012-12-02		99.36	3354197	备注：从 [中信信用卡] 中转入
2012-12-02	49.66		3354195	备注：从 [中信信用卡] 中转入
2012-11-26		133.95	3337658	备注：转出到 [孙宇]
2012-11-26	133.95		3337657	备注：从 [中信信用卡] 中转入
2012-11-26		17.70	3337653	备注：转出到 [孙宇]
2012-11-26	17.70		3337652	备注：从 [中信信用卡] 中转入
2012-11-24		642.60	3336731	备注：转出到 [广发信用卡]
2012-11-24	642.60		3335173	备注：从 [中信借记卡] 中转入
2012-11-22		830.00	3354782	备注：从 [李方的招行信用卡] 中转入
2012-11-21		184.80	3354810	备注：从 [中信信用卡] 中转入
2012-11-21	64.80		3330076	备注：从 [中信信用卡] 中转入
2012-11-18		925.05	3336733	备注：转出到 [交行信用卡]
2012-11-18	925.05		3324651	备注：从 [光大阳光卡] 中转入
2012-11-14		50.00	3354662	备注：转出到 [马涛的现金]
2012-11-14	50.00		3354640	备注：从 [招行一卡通] 中转入
2012-11-14		5000.00	3317142	备注：转出到 [李安]
2012-11-14	5000.00		3317141	备注：从 [光大阳光卡] 中转入
2012-11-13		1500.00	3354636	备注：从 [招行一卡通] 中转入
2012-11-13	1500.00		3315258	备注：从 [招行一卡通] 中转入
2012-11-13		206.20	3314867	备注：转出到 [李安]
2012-11-12		68.00	3354255	备注：从 [中信信用卡] 中转入
2012-11-11		1104.50	3312003	备注：转出到 [李安]
2012-11-11	1104.50		3311998	备注：从 [交行信用卡] 中转入
2012-11-11	48.00		3311994	备注：从 [中信信用卡] 中转入
2012-11-11	95.00		3311990	备注：从 [中信信用卡] 中转入
2012-11-11	128.00		3311988	备注：从 [广发信用卡] 中转入
2012-11-05		285.60	3354658	备注：转出到 [李安]
2012-11-05	285.60		3354632	备注：从 [招行一卡通] 中转入
2012-11-04		100.00	3354656	备注：转出到 [马涛的现金]
2012-11-04	100.00		3354630	备注：从 [招行一卡通] 中转入
2012-11-02		324.50	3354654	备注：转出到 [李安]
2012-11-02	324.50		3354625	备注：从 [招行一卡通] 中转入
2012-11-01		74.00	3354652	备注：转出到 [李安]
2012-11-01		109.40	3354650	备注：转出到 [李安]
2012-11-01		90.60	3354647	备注：转出到 [李安]
2012-11-01	90.60		3354623	备注：从 [招行一卡通] 中转入
2012-11-01	25.16		3354621	备注：从 [招行一卡通] 中转入
2012-11-01		25.16	3354557	备注：转出到 [李安]
2012-11-01	74.00		3354369	备注：从 [广发信用卡] 中转入
2012-11-01	109.40		3354367	备注：从 [广发信用卡] 中转入
2012-10-30		175.00	3354393	备注：转出到 [李安]
2012-10-30	175.00		3354240	备注：从 [中信信用卡] 中转入
2012-10-26		195.28	3354401	备注：转出到 [王宇航]
2012-10-26	420.00		3354338	备注：从 [交行信用卡] 中转入
2012-10-26	112.28		3354237	备注：从 [中信信用卡] 中转入
2012-10-25		702.20	3354490	备注：转出到 [广发信用卡]
2012-10-24	702.20		3354489	备注：从 [中信借记卡] 中转入
2012-10-23	83.00		3278603	备注：从 [颜灿] 中转入
2012-10-22		99.50	3354407	备注：转出到 [李安]
2012-10-22		109.00	3354403	备注：转出到 [李安]
2012-10-22	99.50		3354364	备注：从 [广发信用卡] 中转入
2012-10-22	109.00		3354235	备注：从 [中信信用卡] 中转入
2012-10-19		87.00	3354800	备注：从 [中信借记卡] 中转入
2012-10-19	1.00		3354487	备注：从 [民生信用卡] 中转入
2012-10-19	36.00		3354485	备注：从 [民生信用卡] 中转入
2012-10-18		514.99	3354471	备注：转出到 [交行信用卡]
2012-10-17		1000.00	3354480	备注：转出到 [光大阳光卡]
2012-10-17	1000.00		3354479	备注：从 [中信借记卡] 中转入
2012-10-17	514.99		3354469	备注：从 [中信借记卡] 中转入
2012-10-17		25.20	3354409	备注：转出到 [李安]
2012-10-17	25.20		3354362	备注：从 [广发信用卡] 中转入
2012-10-16		100.00	3354461	备注：从 [民生信用卡] 中转入
2012-10-15		148.50	3354411	备注：转出到 [李安]
2012-10-15	148.50		3354360	备注：从 [广发信用卡] 中转入
2012-10-10		200.00	3354455	备注：转出到 [李安]
2012-10-10	200.00		3354452	备注：从 [中信借记卡] 中转入
2012-10-10	57.90		3354446	备注：从 [民生信用卡] 中转入
2012-10-10		57.90	3354415	备注：转出到 [李安]
2012-10-10		134.00	3354413	备注：转出到 [李安]
2012-10-10	134.00		3354357	备注：从 [广发信用卡] 中转入
2012-10-09		192.00	3237050	备注：转出到 [王宇航]
2012-10-09	338.00		3237049	备注：从 [民生信用卡] 中转入
2012-10-09		298.04	3237046	备注：转出到 [李安]
2012-10-09	298.04		3237044	备注：从 [招行信用卡] 中转入
2012-10-09	192.00		3237040	备注：从 [招行信用卡] 中转入
2012-10-08		55.50	3354850	备注：从 [中信信用卡] 中转入
2012-10-07	129.00		3354232	备注：从 [中信信用卡] 中转入
2012-10-07	71.00		3354229	备注：从 [中信信用卡] 中转入
2012-10-07	42.96		3354227	备注：从 [中信信用卡] 中转入
2012-10-07	39.90		3354224	备注：从 [中信信用卡] 中转入
2012-10-07	36.04		3354221	备注：从 [中信信用卡] 中转入
2012-10-06		50.00	3354284	备注：从 [交行信用卡] 中转入
2012-09-30		73.00	3221223	备注：转出到 [民生信用卡]
2012-09-30	73.00		3221220	备注：从 [招行一卡通] 中转入
2012-09-30		500.00	3221217	备注：转出到 [光大阳光卡]
2012-09-30	500.00		3221216	备注：从 [招行一卡通] 中转入
2012-09-26		10457.78	3216671	备注：转出到 [广发信用卡]
2012-09-25	10457.78		3216670	备注：从 [中信借记卡] 中转入
2012-09-25		822.50	3216664	备注：转出到 [孙宇]
2012-09-25	822.50		3216661	备注：从 [交行信用卡] 中转入
2012-09-20		243.99	3200361	备注：转出到 [李安]
2012-09-20	243.99		3200359	备注：从 [交行信用卡] 中转入
2012-09-18		196.00	3197288	备注：转出到 [李安]
2012-09-18	196.00		3197287	备注：从 [交行信用卡] 中转入
2012-09-18		3703.40	3197283	备注：转出到 [交行信用卡]
2012-09-18		1.00	3197280	备注：转出到 [公司支付宝]
2012-09-18		1.00	3197278	备注：转出到 [公司支付宝]
2012-09-18		1.00	3197276	备注：转出到 [公司支付宝]
2012-09-18	20.00		3197275	备注：从 [光大阳光卡] 中转入
2012-09-17		1.00	3197271	备注：转出到 [公司支付宝]
2012-09-17	1.00		3197267	备注：从 [中信信用卡] 中转入
2012-09-17		24.00	3197264	备注：转出到 [公司支付宝]
2012-09-17	24.00		3197262	备注：从 [中信信用卡] 中转入
2012-09-17	3703.40		3197258	备注：从 [光大阳光卡] 中转入
2012-09-17		351.00	3193727	备注：转出到 [李安]
2012-09-17	351.00		3193726	备注：从 [民生信用卡] 中转入
2012-09-10		94.50	3197293	备注：转出到 [李安]
2012-09-10	94.50		3197292	备注：从 [中信信用卡] 中转入
2012-09-08		190.50	3177316	备注：从 [广发信用卡] 中转入
2012-09-07		74.00	3176504	备注：从 [广发信用卡] 中转入
2012-09-07		281.70	3176210	备注：转出到 [李安]
2012-09-07	281.70		3176209	备注：从 [广发信用卡] 中转入
2012-09-06		46.20	3175856	备注：转出到 [李安]
2012-09-06	46.20		3175855	备注：从 [中信信用卡] 中转入
2012-09-06		105.00	3175852	备注：转出到 [李安]
2012-09-06	105.00		3175851	备注：从 [中信信用卡] 中转入
2012-09-05		86.00	3175848	备注：转出到 [李安]
2012-09-05	86.00		3175847	备注：从 [中信信用卡] 中转入
2012-09-05		97.98	3171794	备注：转出到 [李安]
2012-09-05	97.98		3171793	备注：从 [招行一卡通] 中转入
2012-09-02		3499.99	3168153	备注：转出到 [民生信用卡]
2012-09-02	1050.66		3167682	备注：从 [中信信用卡] 中转入
2012-09-02	1063.95		3167536	备注：从 [中信信用卡] 中转入
2012-09-02	161.83		3167515	备注：从 [广发信用卡] 中转入
2012-09-02	815.70		3167513	备注：从 [中信信用卡] 中转入
2012-09-02	407.85		3167510	备注：从 [广发信用卡] 中转入
2012-09-01		109.20	3166420	备注：从 [招行一卡通] 中转入
2012-09-01	109.20		3165951	备注：从 [中信信用卡] 中转入
2012-08-27		220.00	3161192	备注：从 [招行一卡通] 中转入
2012-08-25	232.80		3156363	备注：从 [深发展金卡] 中转入
2012-08-25	1695.00		3156358	备注：从 [招行一卡通] 中转入
2012-08-24		108.00	3155722	备注：从 [广发信用卡] 中转入
2012-08-24		9531.20	3155715	备注：转出到 [广发信用卡]
2012-08-24	9531.20		3154728	备注：从 [深发展金卡] 中转入
2012-08-23		338.00	3154181	备注：从 [中信信用卡] 中转入
2012-08-21		299.00	3154190	备注：转出到 [中信信用卡]
2012-08-21		1000.00	3149454	备注：转出到 [李安]
2012-08-21	1000.00		3149453	备注：从 [招行一卡通] 中转入
2012-08-20	299.00		3154195	备注：从 [交行信用卡] 中转入
2012-08-17		299.00	3142933	备注：从 [中信信用卡] 中转入
2012-08-15		744.00	3161173	备注：从 [中信信用卡] 中转入
2012-08-15	12.00		3161171	备注：从 [中信信用卡] 中转入
2012-08-15		250.00	3141859	备注：转出到 [王伟森]
2012-08-15	970.00		3141853	备注：从 [中信信用卡] 中转入
2012-08-11		131.00	3161185	备注：从 [广发信用卡] 中转入
2012-08-10		59.00	3134788	备注：从 [广发信用卡] 中转入
2012-08-08		168.00	3134785	备注：转出到 [王宇航]
2012-08-08	168.00		3134784	备注：从 [广发信用卡] 中转入
2012-08-08		760.00	3129827	备注：转出到 [李安]
2012-08-08	760.00		3129826	备注：从 [招行一卡通] 中转入
2012-08-01		0.01	3175863	备注：从 [深发展信用卡] 中转入
2012-08-01		2989.19	3118515	备注：转出到 [民生信用卡]
2012-08-01	2989.19		3116244	备注：从 [深发展金卡] 中转入
2012-07-27		486.00	3108542	备注：从 [广发信用卡] 中转入
2012-07-23		2997.00	3099554	备注：转出到 [李安]
2012-07-23	2997.00		3099553	备注：从 [交行信用卡] 中转入
2012-07-22		101.12	3095192	备注：从 [交行信用卡] 中转入
2012-07-19		93.90	3091071	备注：转出到 [李安]
2012-07-19	93.90		3091070	备注：从 [广发信用卡] 中转入
2012-07-17		89.00	3088680	备注：转出到 [李安]
2012-07-17	11.40		3088679	备注：从 [广发信用卡] 中转入
2012-07-15		376.00	3082662	备注：从 [深发展信用卡] 中转入
2012-07-13	21.60		3082690	备注：从 [招行信用卡] 中转入
2012-07-12	60.00		3079643	备注：从 [广发信用卡] 中转入
2012-07-11	56.00		3079640	备注：从 [广发信用卡] 中转入
2012-07-11		56.00	3074162	备注：转出到 [李安]
2012-07-11	56.00		3074161	备注：从 [广发信用卡] 中转入
2012-07-11		29.00	3074158	备注：转出到 [李安]
2012-07-11	29.00		3074157	备注：从 [广发信用卡] 中转入
2012-07-11		90.20	3074153	备注：转出到 [李安]
2012-07-11	90.20		3074152	备注：从 [民生信用卡] 中转入
2012-07-11		136.00	3074145	备注：转出到 [李安]
2012-07-11	123.01		3074144	备注：从 [民生信用卡] 中转入
2012-07-10		235.01	3071861	备注：转出到 [李安]
2012-07-09		160.00	3071859	备注：转出到 [李安]
2012-07-08	204.00		3071858	备注：从 [卢力] 中转入
2012-07-07	204.00		3071856	备注：从 [颜灿] 中转入
2012-07-05		20.98	3063462	备注：转出到 [王伟森]
2012-07-05	20.98		3063461	备注：从 [民生信用卡] 中转入
2012-07-04		727.40	3066451	备注：转出到 [李安]
2012-07-04	727.40		3066450	备注：从 [招行一卡通] 中转入
2012-07-03		100.00	3061216	备注：转出到 [李安]
2012-07-03	100.00		3061214	备注：从 [民生信用卡] 中转入
2012-07-03		217.98	3061121	备注：转出到 [李安]
2012-07-03	179.18		3061118	备注：从 [民生信用卡] 中转入
2012-07-01		1103.04	3055006	备注：转出到 [民生信用卡]
2012-07-01	1103.04		3055005	备注：从 [招行一卡通] 中转入
2012-06-28		169.20	3061114	备注：转出到 [招行信用卡]
2012-06-27		273.00	3049518	备注：从 [交行信用卡] 中转入
2012-06-27	204.00		3049513	备注：从 [交行信用卡] 中转入
2012-06-26		31.60	3047865	备注：转出到 [李安]
2012-06-26	31.60		3047864	备注：从 [民生信用卡] 中转入
2012-06-26		94.90	3047861	备注：转出到 [李安]
2012-06-26	94.90		3047858	备注：从 [招行信用卡] 中转入
2012-06-26		230.00	3047853	备注：转出到 [李安]
2012-06-26	230.00		3047851	备注：从 [招行一卡通] 中转入
2012-06-25		117.60	3061104	备注：转出到 [李安]
2012-06-25	117.60		3061103	备注：从 [民生信用卡] 中转入
2012-06-25		66.23	3061100	备注：转出到 [李安]
2012-06-25	66.23		3061099	备注：从 [民生信用卡] 中转入
2012-06-24		487.00	3044687	备注：从 [招行信用卡] 中转入
2012-06-21		87.55	3040571	备注：转出到 [当当购物卡]
2012-06-21	87.55		3040180	备注：从 [招行信用卡] 中转入
2012-06-16		114.18	3061164	备注：转出到 [交行信用卡]
2012-06-16		1100.00	3061162	备注：转出到 [交行信用卡]
2012-06-16	1066.37		3061161	备注：从 [光大阳光卡] 中转入
2012-06-16	1100.00		3061159	备注：从 [招行一卡通] 中转入
2012-06-16	63.99		3061142	备注：从 [招行信用卡] 中转入
2012-06-16	50.19		3061135	备注：从 [招行一卡通] 中转入
2012-06-15	73.40		3061179	备注：从 [民生信用卡] 中转入
2012-06-15	50.00		3061175	备注：从 [民生信用卡] 中转入
2012-06-13		20.00	3029053	备注：从 [广发信用卡] 中转入
2012-06-13	12.00		3029051	备注：从 [广发信用卡] 中转入
2012-06-13		51.00	3029047	备注：转出到 [李安]
2012-06-13	51.00		3029046	备注：从 [广发信用卡] 中转入
2012-06-13	320.00		3029044	备注：从 [王伟森] 中转入
2012-06-11		97.00	3026137	备注：转出到 [李安]
2012-06-11		242.04	3026135	备注：转出到 [李安]
2012-06-11	97.00		3026134	备注：从 [广发信用卡] 中转入
2012-06-11	242.04		3026132	备注：从 [民生信用卡] 中转入
2012-06-08		2863.00	3020589	备注：转出到 [李安]
2012-06-08	1728.30		3020587	备注：从 [招行信用卡] 中转入
2012-06-08	1000.00		3020585	备注：从 [招行一卡通] 中转入
2012-06-08		123.00	3020554	备注：转出到 [李安]
2012-06-08	123.00		3020553	备注：从 [广发信用卡] 中转入
2012-06-07		84.00	3019337	备注：转出到 [李安]
2012-06-07	131.60		3019336	备注：从 [广发信用卡] 中转入
2012-06-07	84.00		3019334	备注：从 [广发信用卡] 中转入
2012-06-06		74.00	3019935	备注：转出到 [赵巍]
2012-06-06	74.00		3019934	备注：从 [赵巍] 中转入
2012-06-06		143.00	3019929	备注：转出到 [李安]
2012-06-06	143.00		3019927	备注：从 [交行信用卡] 中转入
2012-06-05		714.00	3015555	备注：从 [交行信用卡] 中转入
2012-06-04		2600.00	3014678	备注：转出到 [李安]
2012-06-04	2600.00		3014676	备注：从 [交行信用卡] 中转入
2012-06-02		649.40	3014685	备注：转出到 [民生信用卡]
2012-06-01		992.00	3006923	备注：转出到 [李安]
2012-06-01	992.00		3006922	备注：从 [交行信用卡] 中转入
2012-06-01	649.40		3006919	备注：从 [招行一卡通] 中转入
2012-05-30		892.00	3005765	备注：转出到 [李安]
2012-05-30	892.00		3005763	备注：从 [招行信用卡] 中转入
2012-05-30		1110.00	3005760	备注：转出到 [李安]
2012-05-30	1110.00		3005759	备注：从 [交行信用卡] 中转入
2012-05-29		33.64	3002248	备注：转出到 [李安]
2012-05-29	33.64		3002247	备注：从 [交行信用卡] 中转入
2012-05-28		126.00	2999855	备注：转出到 [李安]
2012-05-28	126.00		2999854	备注：从 [交行信用卡] 中转入
2012-05-26	252.76		2994675	备注：从 [交行信用卡] 中转入
2012-05-25		252.76	2994677	备注：转出到 [李安]
2012-05-25		65.30	2994672	备注：转出到 [李安]
2012-05-23		204.00	2990583	备注：从 [李方的现金] 中转入
2012-05-23	204.00		2990575	备注：从 [交行信用卡] 中转入
2012-05-23		2335.00	2988665	备注：转出到 [李安]
2012-05-23	2335.00		2988664	备注：从 [交行信用卡] 中转入
2012-05-21		139.77	2984766	备注：转出到 [李安]
2012-05-21	139.77		2984765	备注：从 [广发信用卡] 中转入
2012-05-18		310.00	2978383	备注：转出到 [李安]
2012-05-18	310.00		2978380	备注：从 [广发信用卡] 中转入
2012-05-18		2443.02	2978042	备注：转出到 [交行信用卡]
2012-05-17	2443.02		2977424	备注：从 [光大阳光卡] 中转入
2012-05-14		661.00	2972251	备注：转出到 [李安]
2012-05-14	661.00		2972250	备注：从 [交行信用卡] 中转入
2012-05-12		216.37	2977426	备注：从 [交行信用卡] 中转入
2012-05-10		200.00	2977436	备注：转出到 [李安]
2012-05-10	200.00		2977434	备注：从 [招行一卡通] 中转入
2012-05-09		140.00	2977432	备注：从 [民生信用卡] 中转入
2012-05-08		10.25	2962117	备注：从 [民生信用卡] 中转入
2012-05-08		107.25	2961498	备注：转出到 [王伟森]
2012-05-08	107.25		2961497	备注：从 [民生信用卡] 中转入
2012-05-07		20.00	2977440	备注：从 [广发信用卡] 中转入
2012-05-07		90.60	2959723	备注：转出到 [李安]
2012-05-07	90.60		2959722	备注：从 [交行信用卡] 中转入
2012-05-01		1634.43	3061194	备注：转出到 [民生信用卡]
2012-05-01	1634.43		3061193	备注：从 [光大阳光卡] 中转入
2012-04-26		44.00	2938142	备注：转出到 [李安]
2012-04-26	44.00		2938141	备注：从 [民生信用卡] 中转入
2012-04-24		141.00	2935584	备注：转出到 [李安]
2012-04-24	141.00		2935582	备注：从 [交行信用卡] 中转入
2012-04-23		69.90	2933385	备注：转出到 [李安]
2012-04-23	69.90		2933383	备注：从 [交行信用卡] 中转入
2012-04-20		106.70	2943143	备注：转出到 [李安]
2012-04-20	106.70		2943140	备注：从 [招行一卡通] 中转入
2012-04-20		186.00	2929126	备注：转出到 [李安]
2012-04-20	186.00		2929125	备注：从 [交行信用卡] 中转入
2012-04-19		47.10	2925520	备注：转出到 [李安]
2012-04-19	47.10		2925517	备注：从 [民生信用卡] 中转入
2012-04-18		165.00	2924544	备注：转出到 [李安]
2012-04-18	214.32		2924543	备注：从 [交行信用卡] 中转入
2012-04-18		55.00	2923858	备注：转出到 [李安]
2012-04-18	220.00		2923857	备注：从 [交行信用卡] 中转入
2012-04-13		992.00	2923402	备注：转出到 [李安]
2012-04-13	992.00		2923401	备注：从 [交行信用卡] 中转入
2012-04-09		46.00	2923409	备注：转出到 [李安]
2012-04-09	46.00		2923408	备注：从 [招行一卡通] 中转入
2012-04-08		198.00	2923413	备注：从 [交行信用卡] 中转入
2012-04-08	99.00		2896040	备注：从 [交行信用卡] 中转入
2012-04-06		160.00	2923439	备注：从 [交行信用卡] 中转入
2012-04-06		188.70	2894600	备注：转出到 [李安]
2012-04-05		380.00	2892751	备注：转出到 [李安]
2012-04-03		59.80	2878549	备注：转出到 [李安]
2012-03-29	128.00		2878547	备注：从 [交行信用卡] 中转入
2012-03-28		1250.00	2878369	备注：转出到 [李安]
2012-03-28	1250.00		2878367	备注：从 [招行一卡通] 中转入
2012-03-12		100.00	2846804	备注：转出到 [马涛的现金] 帮时永旺转
2012-03-12	100.00		2846803	备注：从 [招行一卡通] 中转入
2012-03-11		169.00	2923487	备注：从 [交行信用卡] 中转入
2012-03-10		445.00	2923490	备注：从 [交行信用卡] 中转入
2012-03-09		40.00	2923501	备注：从 [交行信用卡] 中转入
2012-03-08		10.00	2837355	备注：转出到 [李安]
2012-03-08	40.00		2837352	备注：从 [民生信用卡] 中转入
2012-03-08	10.00		2837350	备注：从 [民生信用卡] 中转入
2012-03-03		209.63	2837371	备注：从 [交行信用卡] 中转入
2012-03-03	10.10		2837369	备注：从 [交行信用卡] 中转入
2012-03-03	40.00		2837367	备注：从 [交行信用卡] 中转入
2012-03-01		500.00	2825659	备注：转出到 [李安]
2012-03-01		500.00	2825655	备注：转出到 [李安]
2012-03-01	500.00		2825652	备注：从 [招行信用卡] 中转入
2012-03-01	500.00		2825650	备注：从 [招行信用卡] 中转入
2012-02-27		769.00	2837405	备注：从 [招行信用卡] 中转入
2012-02-26		68.00	2837365	备注：从 [交行信用卡] 中转入
2012-02-25		1320.66	2837395	备注：从 [民生信用卡] 中转入
2012-02-25	58.00		2837393	备注：从 [广发信用卡] 中转入
2012-02-25	1122.66		2809176	备注：从 [交行信用卡] 中转入
2012-02-24		139.89	2837391	备注：从 [广发信用卡] 中转入
2012-02-24	5.15		2837389	备注：从 [广发信用卡] 中转入
2012-02-24		1728.00	2800196	备注：转出到 [李安]
2012-02-24	1728.00		2800195	备注：从 [招行信用卡] 中转入
2012-02-17		500.00	2768640	备注：转出到 [李安]
2012-02-17		500.00	2768638	备注：转出到 [李安]
2012-02-17	500.00		2768637	备注：从 [招行信用卡] 中转入
2012-02-17	500.00		2768635	备注：从 [招行信用卡] 中转入
2012-02-08		2000.00	2696716	备注：转出到 [李安]
2012-02-08	2000.00		2696713	备注：从 [招行信用卡] 中转入
2012-02-02		1000.00	2923525	备注：从 [招行信用卡] 中转入
2012-02-01		1000.00	2640763	备注：转出到 [李安]
2012-02-01	500.00		2640760	备注：从 [民生信用卡] 中转入
2012-02-01	500.00		2640758	备注：从 [广发信用卡] 中转入
2012-01-28		34.26	2589120	备注：从 [卢力] 中转入
2012-01-15		169.00	2589239	备注：从 [广发信用卡] 中转入
2012-01-07		60.00	2923556	备注：从 [招行信用卡] 中转入
2012-01-06		2000.00	2837417	备注：转出到 [李安]
2012-01-06	500.00		2837416	备注：从 [招行信用卡] 中转入
2012-01-06	500.00		2837414	备注：从 [招行信用卡] 中转入
2012-01-06	500.00		2837412	备注：从 [招行信用卡] 中转入
2012-01-06	500.00		2837410	备注：从 [广发信用卡] 中转入
2012-01-05		160.00	2923534	备注：从 [民生信用卡] 中转入
2012-01-04		100.00	2923531	备注：转出到 [马涛的现金]
2012-01-04	100.00		2837420	备注：从 [民生信用卡] 中转入
2011-12-29		353.72	2923572	备注：转出到 [深发展信用卡]
2011-12-29	353.72		2589415	备注：从 [光大阳光卡] 中转入
2011-12-26		953.60	2923586	备注：转出到 [民生信用卡]
2011-12-26	953.60		2923585	备注：从 [光大阳光卡] 中转入
2011-12-26		353.72	2923578	备注：转出到 [深发展信用卡]
2011-12-26	353.72		2923577	备注：从 [光大阳光卡] 中转入
2011-12-23		115.50	2420798	备注：从 [民生信用卡] 中转入
2011-12-20		1000.00	2412633	备注：转出到 [李安]
2011-12-20	500.00		2412631	备注：从 [招行信用卡] 中转入
2011-12-20	500.00		2412629	备注：从 [招行信用卡] 中转入
2011-12-06		1500.00	2729342	备注：转出到 [李安]
2011-12-06	500.00		2729341	备注：从 [招行信用卡] 中转入
2011-12-06	500.00		2729339	备注：从 [广发信用卡] 中转入
2011-12-06	500.00		2729335	备注：从 [民生信用卡] 中转入
2011-11-23		2000.00	2321165	备注：转出到 [李安]
2011-11-23	2000.00		2321163	备注：从 [招行信用卡] 中转入
2011-11-17		1000.00	2293959	备注：转出到 [李安]
2011-11-17	1000.00		2293957	备注：从 [招行信用卡] 中转入
2011-11-12		159.50	2800843	备注：从 [广发信用卡] 中转入
2011-11-11		1355.49	2273145	备注：从 [招行信用卡] 中转入
2011-11-11	230.99		2273105	备注：从 [招行信用卡] 中转入
2011-11-11	500.00		2273101	备注：从 [招行信用卡] 中转入
2011-11-11	500.00		2273099	备注：从 [招行信用卡] 中转入
2011-11-10	500.00		2800855	备注：从 [招行信用卡] 中转入
2011-11-10		1000.00	2273124	备注：转出到 [李安]
2011-11-10	500.00		2273123	备注：从 [招行信用卡] 中转入
2011-11-09		1500.00	2267300	备注：转出到 [李安]
2011-11-09	500.00		2267299	备注：从 [招行信用卡] 中转入
2011-11-09	500.00		2267297	备注：从 [招行信用卡] 中转入
2011-11-09	500.00		2267295	备注：从 [广发信用卡] 中转入
2011-11-01		4067.85	2273160	备注：转出到 [深发展信用卡]
2011-11-01	4067.85		2273156	备注：从 [光大阳光卡] 中转入
2011-10-29		687.00	2236065	备注：从 [招行信用卡] 中转入
2011-10-29	68.00		2236016	备注：从 [招行信用卡] 中转入
2011-10-29	19.00		2236014	备注：从 [招行信用卡] 中转入
2011-10-29	500.00		2236012	备注：从 [招行信用卡] 中转入
2011-10-27		500.00	2231594	备注：转出到 [李安]
2011-10-27	444.00		2231593	备注：从 [招行信用卡] 中转入
2011-10-26		500.00	2231602	备注：转出到 [李安]
2011-10-23		344.00	2273175	备注：从 [卢力] 中转入
2011-10-20	300.00		2273172	备注：从 [颜灿] 中转入
2011-10-20	300.00		2273167	备注：从 [李立] 中转入
2011-10-10		1774.27	2273193	备注：从 [招行信用卡] 中转入
2011-10-10		500.00	2192917	备注：转出到 [李安]
2011-10-10		500.00	2192915	备注：转出到 [李安]
2011-10-10	500.00		2192913	备注：从 [招行信用卡] 中转入
2011-10-10	500.00		2192910	备注：从 [招行信用卡] 中转入
2011-10-09		189.11	2273255	备注：转出到 [马涛的现金] 给老姨买滤芯
2011-10-09	378.11		2273250	备注：从 [广发信用卡] 中转入
2011-10-05		734.60	2273239	备注：从 [招行信用卡] 中转入
2011-10-05	500.00		2273235	备注：从 [广发信用卡] 中转入
2011-10-03		65.30	2273220	备注：转出到 [孙显姣]
2011-10-03	15.30		2273206	备注：从 [广发信用卡] 中转入
2011-10-02		240.50	2273198	备注：从 [广发信用卡] 中转入
2011-10-01	113.00		2172933	备注：从 [李安] 中转入
2011-09-30		113.00	2169911	备注：转出到 [李安]
2011-09-30	113.00		2169909	备注：从 [广发信用卡] 中转入
2011-09-24		1647.42	2172930	备注：从 [广发信用卡] 中转入
2011-09-24	1500.00		2172928	备注：从 [招行信用卡] 中转入
2011-09-21		1000.00	2149343	备注：转出到 [李安]
2011-09-21	500.00		2149342	备注：从 [招行信用卡] 中转入
2011-09-21	500.00		2149340	备注：从 [招行信用卡] 中转入
2011-09-06		20.00	2172936	备注：从 [广发信用卡] 中转入
2011-09-01		146.00	2116218	备注：从 [招行信用卡] 中转入
2011-08-26		999.99	2079922	备注：转出到 [李安]
2011-08-26	499.99		2079921	备注：从 [招行信用卡] 中转入
2011-08-26	500.00		2079919	备注：从 [广发信用卡] 中转入
2011-08-25		97.64	2800887	备注：从 [广发信用卡] 中转入
2011-08-25	39.20		2800883	备注：从 [广发信用卡] 中转入
2011-08-25	38.44		2800880	备注：从 [广发信用卡] 中转入
2011-08-19		328.00	2800889	备注：从 [广发信用卡] 中转入
2011-08-17		192.50	2051825	备注：转出到 [钟晓兰]
2011-08-17	202.50		2051821	备注：从 [招行信用卡] 中转入
2011-08-17	192.50		2051819	备注：从 [招行信用卡] 中转入
2011-08-02	20.00		2800892	备注：从 [广发信用卡] 中转入
2011-08-02	154.04		2006934	备注：从 [广发信用卡] 中转入
2011-08-02	428.00		2006926	备注：从 [广发信用卡] 中转入
2011-07-30		100.00	2009659	备注：从 [招行信用卡] 中转入
2011-07-30		1856.00	1997485	备注：转出到 [广发信用卡]
2011-07-30	1856.00		1997483	备注：从 [招行一卡通] 中转入
2011-07-26		1000.00	1985007	备注：转出到 [李安]
2011-07-26	300.00		1985004	备注：从 [招行信用卡] 中转入
2011-07-26	200.00		1985001	备注：从 [招行信用卡] 中转入
2011-07-26	500.00		1984999	备注：从 [广发信用卡] 中转入
2011-07-25		1000.00	1982120	备注：转出到 [李安]
2011-07-25	400.00		1982119	备注：从 [广发信用卡] 中转入
2011-07-25	413.70		1982116	备注：从 [招行信用卡] 中转入
2011-07-23		213.70	1956511	备注：从 [颜灿] 中转入
2011-07-13		60.00	1954542	备注：转出到 [王宇航]
2011-07-13	60.00		1954541	备注：从 [招行信用卡] 中转入
2011-07-06		500.00	1942415	备注：转出到 [王宇航]
2011-07-06		500.00	1934973	备注：转出到 [王宇航]
2011-07-06	100.00		1934972	备注：从 [招行信用卡] 中转入
2011-07-06	400.00		1934970	备注：从 [招行信用卡] 中转入
2011-07-06	500.00		1934968	备注：从 [广发信用卡] 中转入
2011-06-30		2885.43	1934978	备注：转出到 [光大阳光卡]
2011-06-29	2885.43		1915885	备注：从 [王健] 中转入
2011-06-28		2000.00	1913921	备注：转出到 [李安]
2011-06-28	2000.00		1913920	备注：从 [招行信用卡] 中转入
2011-06-24		3478.41	1908315	备注：转出到 [深发展信用卡]
2011-06-23		85.00	1908051	备注：转出到 [刘佳]
2011-06-23		84.00	1908049	备注：转出到 [孙宇]
2011-06-23	253.00		1902389	备注：从 [招行信用卡] 中转入
2011-06-23	3478.41		1902377	备注：从 [光大阳光卡] 中转入
2011-06-20		97.00	1902381	备注：转出到 [民生信用卡]
2011-06-20		2825.25	1902378	备注：转出到 [广发信用卡]
2011-06-19	97.00		1890242	备注：从 [光大阳光卡] 中转入
2011-06-19	2825.25		1890233	备注：从 [光大阳光卡] 中转入
2011-06-15	25.90		2009682	备注：从 [招行信用卡] 中转入
2011-06-15		25.90	1881614	备注：转出到 [林雪]
2011-06-12		104.00	1874347	备注：从 [招行信用卡] 中转入
2011-05-29		148.00	1837353	备注：从 [招行信用卡] 中转入
2011-05-26		72.00	1829908	备注：从 [招行信用卡] 中转入
2011-05-22		218.80	2800901	备注：从 [广发信用卡] 中转入
2011-05-21		30.00	1818624	备注：从 [招行信用卡] 中转入
2011-05-14		297.20	1808397	备注：从 [招行信用卡] 中转入
2011-05-11	110.00		1808394	备注：从 [颜灿] 中转入
2011-05-10		237.00	1808672	备注：转出到 [马涛的现金] 代赵金嵩买东西
2011-05-10	237.00		1808671	备注：从 [招行信用卡] 中转入
2011-04-25		47.90	1808699	备注：转出到 [马涛的现金] 帮刘文博买书
2011-04-25	83.90		1808692	备注：从 [招行信用卡] 中转入
2011-04-21		3245.50	1763112	备注：从 [招行信用卡] 中转入
2011-04-15		65.00	1735140	备注：从 [招行一卡通] 中转入
2011-04-08	21.00		1638901	备注：转出到 [李安]
2011-03-23		500.00	1638899	备注：转出到 [李安]
2011-03-23	500.00		1638891	备注：从 [招行信用卡] 中转入
2011-03-23	500.00		1638889	备注：从 [招行信用卡] 中转入
2011-03-21		500.00	1638897	备注：转出到 [李安]
2011-03-21		500.00	1638895	备注：转出到 [李安]
2011-03-21	500.00		1638887	备注：从 [招行信用卡] 中转入
2011-03-21	500.00		1638884	备注：从 [招行信用卡] 中转入
2011-03-04		2000.00	1588410	备注：转出到 [李安]
2011-03-04	2000.00		1588409	备注：从 [深发展信用卡] 中转入
2011-03-02		863.00	1582183	备注：从 [招行信用卡] 中转入
2011-03-02	490.00		1582085	备注：从 [深发展信用卡] 中转入
2011-03-02	193.00		1582083	备注：从 [深发展信用卡] 中转入
2011-03-02	40.00		1582078	备注：从 [招行信用卡] 中转入
2011-02-24		35.00	1582093	备注：转出到 [冯淞]
2011-02-24	35.00		1582091	备注：从 [深发展信用卡] 中转入
2011-02-22	13.00		1550167	备注：转出到 [妈妈]
2011-02-16		530.00	1550123	备注：转出到 [招行信用卡]
2011-02-16	530.00		1549968	备注：从 [招行信用卡] 中转入
2011-02-15	1880.00		1550166	备注：从 [招行信用卡] 中转入
2011-02-14	320.00		1533590	备注：从 [招行信用卡] 中转入
2011-02-05		117.60	1507684	备注：从 [深发展信用卡] 中转入
2011-01-31		212.00	1497433	备注：从 [深发展信用卡] 中转入
2011-01-27	2000.00		1497437	备注：从 [深发展信用卡] 中转入
2011-01-27		2000.00	1485298	备注：转出到 [李安]
2011-01-17		30.00	1455018	备注：转出到 [冯淞]
2011-01-17	30.00		1455016	备注：从 [招行信用卡] 中转入
2011-01-13	13.00		1497442	备注：南都周刊
2011-01-13		44.10	1449550	备注：转出到 [马涛的现金] 代钟晓兰购物
2011-01-11		68.20	1449547	备注：从 [深发展信用卡] 中转入
2011-01-01		540.00	1406355	备注：从 [深发展信用卡] 中转入
2010-12-27	26.00		1377760	备注：转出到 [李安]
2010-12-21	799.00		1377757	备注：从 [招行信用卡] 中转入
2010-12-19		75.00	1357956	备注：从 [颜灿] 中转入 代转茶钱
2010-12-11		174.51	1357952	备注：从 [深发展信用卡] 中转入
2010-12-10		420.00	1346595	备注：转出到 [王宇航]
2010-12-10	420.00		1346592	备注：从 [招行信用卡] 中转入
2010-12-09	19.00		1357912	备注：转出到 [万斯]
2010-12-08	140.00		1357911	备注：从 [深发展信用卡] 中转入
2010-12-07		220.10	1358014	备注：从 [招行信用卡] 中转入
2010-12-07		43.50	1358002	备注：转出到 [冯淞]
2010-12-07	220.10		1337039	备注：从 [招行信用卡] 中转入
2010-12-07		1000.00	1337005	备注：转出到 [李安]
2010-12-07	1000.00		1337004	备注：从 [招行信用卡] 中转入
2010-12-06		35.00	1358011	备注：转出到 [冯淞]
2010-12-06	35.00		1358010	备注：从 [招行信用卡] 中转入
2010-12-06		17.00	1357929	备注：转出到 [深发展信用卡]
2010-12-03	7.00		1358031	备注：转出到 [冯淞]
2010-12-03	343.00		1358030	备注：从 [招行信用卡] 中转入
2010-12-03	17.00		1357928	备注：从 [招行一卡通] 中转入
2010-11-22		60.00	1291276	备注：从 [招行信用卡] 中转入
2010-11-18		231.50	1277342	备注：转出到 [李安]
2010-11-18	231.50		1277341	备注：从 [招行信用卡] 中转入
2010-11-15		1000.00	1269310	备注：转出到 [李安]
2010-11-15	1000.00		1269309	备注：从 [招行信用卡] 中转入
2010-11-14		485.50	1283080	备注：转出到 [冯淞]
2010-11-14	485.50		1283076	备注：从 [招行信用卡] 中转入
2010-11-08		306.30	1250707	备注：转出到 [李安]
2010-11-08	264.30		1250705	备注：从 [招行信用卡] 中转入
2010-10-28	42.00		1214889	备注：转出到 [李安]
2010-10-26	1000.00		1214888	备注：从 [招行信用卡] 中转入
2010-10-14		500.00	1184175	备注：转出到 [李安]
2010-10-14	500.00		1184174	备注：从 [招行信用卡] 中转入
2010-10-04		180.68	1158078	备注：从 [招行信用卡] 中转入
2010-10-04	102.00		1157853	备注：从 [招行信用卡] 中转入
2010-09-23		101.00	1132368	备注：从 [招行信用卡] 中转入
2010-09-23	33.00		1132104	备注：从 [招行信用卡] 中转入
2010-09-23	32.00		1132056	备注：从 [招行信用卡] 中转入
2010-09-19		99.12	1121138	备注：转出到 [李安]
2010-09-19	99.12		1121137	备注：从 [招行信用卡] 中转入
2010-09-18		198.00	1119936	备注：从 [招行信用卡] 中转入
2010-09-15		98.00	1111220	备注：转出到 [李安]
2010-09-15	98.00		1111217	备注：从 [招行信用卡] 中转入
2010-09-05		225.51	1085738	备注：从 [招行信用卡] 中转入
2010-09-01		29.00	1075493	备注：转出到 [李安]
2010-09-01	500.00		1075492	备注：从 [招行信用卡] 中转入
2010-09-01	29.00		1075374	备注：从 [招行信用卡] 中转入
2010-08-31		20.00	1073591	备注：从 [招行一卡通] 中转入
2010-08-31		98.00	1073587	备注：转出到 [林雪]
2010-08-27	13.00		1060690	备注：从 [招行信用卡] 中转入
2010-08-22		31.00	1051570	备注：从 [招行一卡通] 中转入
2010-08-21		58.50	1041721	备注：转出到 [李安]
2010-08-13	572.00		1031488	备注：从 [颜灿] 中转入
2010-08-12		30.00	1034418	备注：从 [招行信用卡] 中转入
2010-08-12		56.00	1031502	备注：转出到 [陆敏]
2010-08-12	56.00		1031501	备注：从 [招行信用卡] 中转入
2010-08-04		500.00	1034397	备注：转出到 [李安]
2010-08-04	500.00		1034395	备注：从 [招行信用卡] 中转入
