2013-04-17		13400.00	3723278	备注：从 [光大阳光卡] 中借出
2013-04-16	60000.00		3723273	备注：此款还到 [马涛的现金]
2013-04-15		2000.00	3722556	备注：从 [支付宝] 中借出
2013-04-13		416.30	3722552	备注：从 [支付宝] 中借出
2013-03-28		1500.00	3681557	备注：从 [支付宝] 中借出
2013-03-25		1000.00	3671617	备注：从 [支付宝] 中借出
2013-03-24		300.00	3669177	备注：从 [马涛的现金] 中借出 代充手机
2013-03-18	30000.00		3649111	备注：此款还到 [招行一卡通]
2013-03-14		1833.70	3636854	备注：从 [支付宝] 中借出
2013-03-01		3000.00	3592480	备注：从 [支付宝] 中借出
2013-02-13		2034.20	3532341	备注：从 [支付宝] 中借出
2013-02-13		5000.00	3532337	备注：从 [支付宝] 中借出
2013-02-01	9000.00		3507670	备注：此款还到 [马涛的现金]
2013-02-01		61.50	3507669	备注：从 [麻辣诱惑会员卡] 中借出
2013-01-13		569.20	3454865	备注：从 [支付宝] 中借出
2013-01-04		3000.00	3428036	备注：从 [支付宝] 中借出
2013-01-04		324.00	3428031	备注：从 [支付宝] 中借出
2012-12-27		228.90	3402032	备注：从 [支付宝] 中借出
2012-12-27		448.90	3402030	备注：从 [支付宝] 中借出
2012-12-07	11000.00		3363261	备注：此款还到 [马涛的现金]
2012-12-07		74.50	3363254	备注：从 [麻辣诱惑会员卡] 中借出
2012-11-14		5000.00	3317143	备注：从 [支付宝] 中借出
2012-11-13		206.20	3314868	备注：从 [支付宝] 中借出 代还广发卡
2012-11-11		1104.50	3312004	备注：从 [支付宝] 中借出
2012-11-05		285.60	3354659	备注：从 [支付宝] 中借出
2012-11-02		324.50	3354655	备注：从 [支付宝] 中借出
2012-11-01		74.00	3354653	备注：从 [支付宝] 中借出
2012-11-01		109.40	3354651	备注：从 [支付宝] 中借出
2012-11-01		90.60	3354648	备注：从 [支付宝] 中借出
2012-11-01		25.16	3354558	备注：从 [支付宝] 中借出
2012-10-30		175.00	3354394	备注：从 [支付宝] 中借出
2012-10-22		99.50	3354408	备注：从 [支付宝] 中借出
2012-10-22		109.00	3354404	备注：从 [支付宝] 中借出
2012-10-17		25.20	3354410	备注：从 [支付宝] 中借出
2012-10-15		148.50	3354412	备注：从 [支付宝] 中借出
2012-10-10		200.00	3354456	备注：从 [支付宝] 中借出
2012-10-10		57.90	3354416	备注：从 [支付宝] 中借出
2012-10-10		134.00	3354414	备注：从 [支付宝] 中借出
2012-10-09		298.04	3237047	备注：从 [支付宝] 中借出
2012-09-20		243.99	3200362	备注：从 [支付宝] 中借出
2012-09-18		196.00	3197289	备注：从 [支付宝] 中借出
2012-09-17		351.00	3193728	备注：从 [支付宝] 中借出
2012-09-13		1337.90	3186389	备注：从 [光大阳光卡] 中借出
2012-09-10		94.50	3197294	备注：从 [支付宝] 中借出
2012-09-07		285.70	3176211	备注：从 [支付宝] 中借出
2012-09-06		46.20	3175857	备注：从 [支付宝] 中借出
2012-09-06		105.00	3175853	备注：从 [支付宝] 中借出
2012-09-05		86.00	3175849	备注：从 [支付宝] 中借出
2012-09-05		97.98	3171795	备注：从 [支付宝] 中借出
2012-09-04	5000.00		3170463	备注：此款还到 [马涛的现金]
2012-09-04		45.00	3170458	备注：从 [中信信用卡] 中借出
2012-08-21		1000.00	3149455	备注：从 [支付宝] 中借出
2012-08-08		760.00	3129828	备注：从 [支付宝] 中借出
2012-08-02		2591.80	3118551	备注：从 [深发展金卡] 中借出
2012-07-27		18.00	3107859	备注：从 [广发信用卡] 中借出
2012-07-27		94.00	3107856	备注：从 [中信信用卡] 中借出
2012-07-26		10.00	3105041	备注：从 [马涛的现金] 中借出
2012-07-23		2997.00	3099555	备注：从 [支付宝] 中借出
2012-07-19		93.90	3091072	备注：从 [支付宝] 中借出
2012-07-17		89.00	3088681	备注：从 [支付宝] 中借出
2012-07-13		1386.00	3080647	备注：从 [招行信用卡] 中借出
2012-07-12	50.00		3079430	备注：此款还到 [马涛的现金]
2012-07-11		56.00	3074163	备注：从 [支付宝] 中借出
2012-07-11		29.00	3074159	备注：从 [支付宝] 中借出
2012-07-11		90.20	3074154	备注：从 [支付宝] 中借出
2012-07-11		136.00	3074146	备注：从 [支付宝] 中借出
2012-07-11	500.00		3074132	备注：此款还到 [林雪]
2012-07-11	10000.00		3074130	备注：此款还到 [马涛的现金]
2012-07-10		100.00	3079447	备注：从 [王宇航] 中借出
2012-07-10		100.00	3079436	备注：从 [马涛的现金] 中借出
2012-07-10		235.01	3071862	备注：从 [支付宝] 中借出
2012-07-09		795.20	3073831	备注：从 [光大阳光卡] 中借出
2012-07-09		160.00	3071860	备注：从 [支付宝] 中借出
2012-07-09		498.00	3070438	备注：从 [招行信用卡] 中借出 热风鞋子和包
2012-07-09	131.00		3070283	备注：此款还到 [林雪] 手机费
2012-07-07		204.00	3071836	备注：从 [广发信用卡] 中借出
2012-07-06	36.00		3066436	备注：此款还到 [马涛的现金] 星巴克
2012-07-06		19.00	3066433	备注：从 [广发信用卡] 中借出 星巴克
2012-07-06		32.00	3066427	备注：从 [广发信用卡] 中借出 赛百味
2012-07-05	75.00		3072245	备注：此款还到 [孙宇]
2012-07-04		727.40	3066452	备注：从 [支付宝] 中借出
2012-07-03		100.00	3066448	备注：从 [支付宝] 中借出
2012-07-03	180.00		3061343	备注：此款还到 [招行一卡通]
2012-07-03		217.98	3061122	备注：从 [支付宝] 中借出
2012-07-03	500.00		3060991	备注：此款还到 [林雪]
2012-06-29	7700.00		3053077	备注：此款还到 [马涛的现金]
2012-06-27		19.54	3051932	备注：从 [马涛的公交一卡通] 中借出 香肠蔬菜农夫山泉
2012-06-26		38.00	3047872	备注：从 [郭建奇] 中借出 大快活
2012-06-26		31.60	3047866	备注：从 [支付宝] 中借出
2012-06-26		94.90	3047862	备注：从 [支付宝] 中借出
2012-06-26		230.00	3047854	备注：从 [支付宝] 中借出
2012-06-25		117.60	3061105	备注：从 [支付宝] 中借出
2012-06-25		66.23	3061101	备注：从 [支付宝] 中借出
2012-06-25		207.00	3051893	备注：从 [广发信用卡] 中借出 生日请客鹿港
2012-06-14		8.93	3029995	备注：从 [马涛的公交一卡通] 中借出
2012-06-14		3.00	3029989	备注：从 [马涛的现金] 中借出
2012-06-13		3.61	3029999	备注：从 [马涛的公交一卡通] 中借出
2012-06-13		170.00	3029139	备注：从 [马涛的现金] 中借出 给胖子手表换电池
2012-06-13		51.00	3029048	备注：从 [支付宝] 中借出
2012-06-12		19.80	3027300	备注：从 [招行信用卡] 中借出 爱果果
2012-06-12		10.00	3027287	备注：从 [马涛的现金] 中借出 ipad盖
2012-06-12		47.40	3027279	备注：从 [马涛的现金] 中借出 麻辣香锅
2012-06-11		97.00	3026138	备注：从 [支付宝] 中借出
2012-06-11		242.04	3026136	备注：从 [支付宝] 中借出
2012-06-09		900.00	3021953	备注：从 [光大阳光卡] 中借出 代还广发卡
2012-06-08		2863.00	3020590	备注：从 [支付宝] 中借出
2012-06-08		123.00	3020555	备注：从 [支付宝] 中借出
2012-06-08		9.50	3020290	备注：从 [马涛的现金] 中借出
2012-06-07		131.60	3019338	备注：从 [支付宝] 中借出
2012-06-07		33.60	3019319	备注：从 [招行信用卡] 中借出 渝信
2012-06-06		253.32	3024388	备注：从 [广发信用卡] 中借出
2012-06-06		143.00	3019930	备注：从 [支付宝] 中借出
2012-06-06		25.80	3019347	备注：从 [广发信用卡] 中借出 爱果果
2012-06-06		15.63	3019343	备注：从 [马涛的公交一卡通] 中借出 鱼腥草 苹果
2012-06-04		27.50	3014699	备注：从 [招行信用卡] 中借出
2012-06-04		2600.00	3014679	备注：从 [支付宝] 中借出
2012-06-01		992.00	3006924	备注：从 [支付宝] 中借出
2012-05-31	4000.00		3006907	备注：此款还到 [马涛的现金]
2012-05-31		45.60	3005646	备注：从 [招行信用卡] 中借出 渝信
2012-05-31		5.00	3005633	备注：从 [马涛的公交一卡通] 中借出
2012-05-30		44.00	3024463	备注：从 [招行信用卡] 中借出 大快活
2012-05-30		892.00	3005766	备注：从 [支付宝] 中借出
2012-05-30		1110.00	3005761	备注：从 [支付宝] 中借出
2012-05-29		52.00	3002265	备注：从 [招行信用卡] 中借出 星巴克
2012-05-29		37.50	3002255	备注：从 [招行信用卡] 中借出 渝信
2012-05-29		33.64	3002249	备注：从 [支付宝] 中借出
2012-05-28		17.00	2999866	备注：从 [招行信用卡] 中借出 巴黎贝甜
2012-05-28		5.00	2999860	备注：从 [马涛的现金] 中借出 可乐
2012-05-28		126.00	2999856	备注：从 [支付宝] 中借出
2012-05-25		25.00	3002267	备注：从 [马涛的现金] 中借出 爱果果
2012-05-25		48.75	2999875	备注：从 [招行信用卡] 中借出 渝信
2012-05-25		252.76	2994678	备注：从 [支付宝] 中借出
2012-05-25		65.30	2994673	备注：从 [支付宝] 中借出
2012-05-24		558.00	2990553	备注：从 [杨凡] 中借出 机票
2012-05-24		10.80	2990544	备注：从 [招行信用卡] 中借出 爱果果
2012-05-24	5000.00		2989973	备注：此款还到 [马涛的现金]
2012-05-24		40.20	2989966	备注：从 [招行信用卡] 中借出 大快活
2012-05-23		34.00	2990827	备注：从 [王宇航] 中借出 渝信
2012-05-23		2335.00	2988666	备注：从 [支付宝] 中借出
2012-05-22		24.00	2990831	备注：从 [王伟森] 中借出 午餐
2012-05-21		558.00	2990841	备注：从 [交行信用卡] 中借出 机票
2012-05-21		17.50	2985149	备注：从 [民生信用卡] 中借出 星巴克
2012-05-21		139.77	2984767	备注：从 [支付宝] 中借出
2012-05-18		310.00	2978384	备注：从 [支付宝] 中借出
2012-05-18	32.00		2978071	备注：此款还到 [马涛的现金] 星巴克
2012-05-18		19.00	2978064	备注：从 [广发信用卡] 中借出
2012-05-18		38.80	2978051	备注：从 [招行信用卡] 中借出
2012-05-17		100.00	2978737	备注：从 [马涛的现金] 中借出
2012-05-17		39.75	2978093	备注：从 [广发信用卡] 中借出
2012-05-16		59.40	2978088	备注：从 [王宇航] 中借出 爱果果
2012-05-16		29.80	2976065	备注：从 [广发信用卡] 中借出
2012-05-14	50.00		2972255	备注：此款还到 [王伟森]
2012-05-14		661.00	2972252	备注：从 [支付宝] 中借出
2012-05-11		46.00	3051922	备注：从 [广发信用卡] 中借出
2012-05-11		26.80	3024413	备注：从 [广发信用卡] 中借出 热风
2012-05-10		12.40	3051918	备注：从 [广发信用卡] 中借出
2012-05-10		52.00	3051911	备注：从 [广发信用卡] 中借出
2012-05-10		200.00	2977437	备注：从 [支付宝] 中借出
2012-05-07		17.00	2961477	备注：从 [民生信用卡] 中借出
2012-05-07		2000.00	2959788	备注：从 [光大阳光卡] 中借出
2012-05-07		90.60	2959724	备注：从 [支付宝] 中借出
2012-05-07		41.00	2959673	备注：从 [招行信用卡] 中借出 大快活
2012-04-28		20.50	2943244	备注：从 [浦发信用卡] 中借出 赛百味
2012-04-27		30.90	2956465	备注：从 [浦发信用卡] 中借出 爱果果
2012-04-27	6000.00		2943126	备注：此款还到 [马涛的现金]
2012-04-27		100.00	2943125	备注：从 [马涛的现金] 中借出
2012-04-26		60.10	2941499	备注：从 [浦发信用卡] 中借出 中成药
2012-04-26		19.60	2941497	备注：从 [浦发信用卡] 中借出 口罩
2012-04-26		86.00	2941495	备注：从 [浦发信用卡] 中借出 中药
2012-04-26	300.00		2938400	备注：此款还到 [马涛的现金]
2012-04-26		300.00	2938157	备注：从 [马涛的现金] 中借出
2012-04-26		44.00	2938143	备注：从 [支付宝] 中借出
2012-04-26		33.60	2938111	备注：从 [广发信用卡] 中借出
2012-04-24		141.00	2935585	备注：从 [支付宝] 中借出
2012-04-24		17.50	2935482	备注：从 [马涛的现金] 中借出 面包+薏米水
2012-04-24		39.80	2935480	备注：从 [民生信用卡] 中借出 手雷钱包
2012-04-24		30.50	2935473	备注：从 [民生信用卡] 中借出 味千
2012-04-23		69.90	2933386	备注：从 [支付宝] 中借出
2012-04-23		17.75	2933340	备注：从 [民生信用卡] 中借出
2012-04-23		28.20	2933332	备注：从 [民生信用卡] 中借出
2012-04-20		106.70	2943144	备注：从 [支付宝] 中借出
2012-04-20		186.00	2929127	备注：从 [支付宝] 中借出
2012-04-19		30.00	2925533	备注：从 [马涛的现金] 中借出 工会会费
2012-04-19		47.10	2925521	备注：从 [支付宝] 中借出
2012-04-18		214.32	2924545	备注：从 [支付宝] 中借出
2012-04-18		55.00	2923859	备注：从 [支付宝] 中借出
2012-04-17		30.50	2931418	备注：从 [马涛的公交一卡通] 中借出 丝袜、红糖、农夫山泉
2012-04-16		19.00	2919284	备注：从 [民生信用卡] 中借出
2012-04-13		992.00	2923403	备注：从 [支付宝] 中借出
2012-04-13		28.10	2914984	备注：从 [民生信用卡] 中借出 爱果果
2012-04-13		28.25	2914977	备注：从 [民生信用卡] 中借出 大快活
2012-04-11		4.40	2914992	备注：从 [交行信用卡] 中借出
2012-04-11	75.00		2914948	备注：此款还到 [孙宇]
2012-04-11		258.90	2910402	备注：从 [民生信用卡] 中借出 手机费
2012-04-10		28.00	2915000	备注：从 [民生信用卡] 中借出 巴黎贝甜
2012-04-10		24.00	2914955	备注：从 [民生信用卡] 中借出 星巴克
2012-04-09		46.00	2923410	备注：从 [支付宝] 中借出
2012-04-09		17.50	2898773	备注：从 [民生信用卡] 中借出 星巴克
2012-04-09		175.00	2898760	备注：从 [李远] 中借出
2012-04-06		1500.00	2894616	备注：从 [光大阳光卡] 中借出
2012-04-06		188.00	2894601	备注：从 [支付宝] 中借出
2012-04-06		14.20	2893925	备注：从 [广发信用卡] 中借出
2012-04-05	1500.00		2894610	备注：此款还到 [马涛的现金]
2012-04-05		380.00	2892752	备注：从 [支付宝] 中借出
2012-04-05		8.00	2892747	备注：从 [马涛的现金] 中借出 85°c
2012-04-05		14.20	2892739	备注：从 [民生信用卡] 中借出 大快活
2012-03-31		10.80	2885317	备注：从 [广发信用卡] 中借出 爱果果
2012-03-31		6.00	2885294	备注：从 [广发信用卡] 中借出 星巴克
2012-03-31		13.00	2885285	备注：从 [广发信用卡] 中借出 味千
2012-03-30		6.00	2885268	备注：从 [广发信用卡] 中借出 星巴克
2012-03-29		28.00	2878904	备注：从 [广发信用卡] 中借出 华联购物
2012-03-29		100.00	2878900	备注：从 [马涛的现金] 中借出 巴黎贝甜买东西
2012-03-29		128.00	2878550	备注：从 [支付宝] 中借出
2012-03-29	3000.00		2878447	备注：此款还到 [马涛的现金]
2012-03-29		3000.00	2878353	备注：从 [光大阳光卡] 中借出 给母亲转钱
2012-03-28		109.90	2878399	备注：从 [招行信用卡] 中借出 ebase
2012-03-28		18.00	2878395	备注：从 [招行信用卡] 中借出 爱果果
2012-03-28		8.00	2878388	备注：从 [马涛的现金] 中借出 麦当劳热红茶
2012-03-28		1250.00	2878370	备注：从 [支付宝] 中借出 支付宝代付
2012-03-27		17.10	2878421	备注：从 [招行信用卡] 中借出 爱果果
2012-03-27		27.25	2878414	备注：从 [招行信用卡] 中借出
2012-03-27		183.32	2878401	备注：从 [招行信用卡] 中借出 匡威买鞋
2012-03-26		10.80	2885260	备注：从 [招行信用卡] 中借出
2012-03-26		12.00	2878393	备注：从 [招行信用卡] 中借出
2012-03-23		194.00	2869056	备注：从 [广发信用卡] 中借出 君太买衣服
2012-03-23		143.00	2869053	备注：从 [广发信用卡] 中借出 君太买裤子
2012-03-22		66.64	2867095	备注：从 [招行信用卡] 中借出 emoi
2012-03-22		87.30	2867045	备注：从 [招行信用卡] 中借出 华联
2012-03-22		40.25	2867026	备注：从 [招行信用卡] 中借出 川辣汇
2012-03-22		6.90	2866986	备注：从 [马涛的公交一卡通] 中借出 农夫山泉
2012-03-19		116.00	2860756	备注：从 [交行信用卡] 中借出 58同城团购电影票
2012-03-19		18.00	2860009	备注：从 [民生信用卡] 中借出
2012-03-19		55.00	2860007	备注：从 [马涛的现金] 中借出 草莓
2012-03-16	300.00		2885175	备注：此款还到 [招行一卡通]
2012-03-16		13.80	2867039	备注：从 [马涛的现金] 中借出 农夫山泉
2012-03-16	3300.00		2854301	备注：此款还到 [招行一卡通]
2012-03-16	8300.00		2854297	备注：此款还到 [招行一卡通]
2012-03-15		27.00	2851128	备注：从 [广发信用卡] 中借出 巴黎贝甜
2012-03-15		31.00	2851120	备注：从 [交行信用卡] 中借出 文宴阁
2012-03-15		8103.99	2850453	备注：从 [光大阳光卡] 中借出
2012-03-15		70.00	2850344	备注：从 [马涛的现金] 中借出 对虾黄花鱼
2012-03-14		42.20	2851169	备注：从 [交行信用卡] 中借出 大快活
2012-03-14		13.50	2851150	备注：从 [交行信用卡] 中借出 爱果果
2012-03-14		55.00	2851138	备注：从 [马涛的现金] 中借出 草莓
2012-03-13		32.40	2851162	备注：从 [交行信用卡] 中借出 爱果果
2012-03-13		16.50	2851144	备注：从 [交行信用卡] 中借出 屈臣氏
2012-03-12		17.50	2845770	备注：从 [民生信用卡] 中借出 星巴克
2012-03-12		4.20	2845768	备注：从 [马涛的公交一卡通] 中借出 芬达
2012-03-12		6.90	2845766	备注：从 [马涛的公交一卡通] 中借出 农夫山泉
2012-03-12	500.00		2845762	备注：此款还到 [马涛的现金]
2012-03-12		447.00	2845761	备注：从 [交行信用卡] 中借出 鹿港请客
2012-03-09	24.00		2851193	备注：此款还到 [桂娜]
2012-03-09		31.00	2839644	备注：从 [招行信用卡] 中借出 星巴克
2012-03-08		40.00	2837356	备注：从 [支付宝] 中借出 柚子茶
2012-03-07		45.00	2839682	备注：从 [招行信用卡] 中借出 大快活
2012-03-07		23.40	2839669	备注：从 [招行信用卡] 中借出 爱果果
2012-03-07		287.02	2839652	备注：从 [招行信用卡] 中借出 2月手机费
2012-03-02		19.80	2830582	备注：从 [招行信用卡] 中借出 爱果果
2012-03-02	6000.00		2827055	备注：此款还到 [马涛的现金]
2012-03-01		500.00	2825658	备注：从 [支付宝] 中借出
2012-03-01		500.00	2825656	备注：从 [支付宝] 中借出
2012-02-29		16.75	2830587	备注：从 [招行信用卡] 中借出
2012-02-29		7.00	2825687	备注：从 [马涛的现金] 中借出
2012-02-28	2700.00		2825663	备注：此款还到 [马涛的现金]
2012-02-24		1728.00	2800197	备注：从 [支付宝] 中借出
2012-02-24		34.60	2799903	备注：从 [招行信用卡] 中借出 渝信
2012-02-23		32.00	2799940	备注：从 [马涛的现金] 中借出
2012-02-23		10.00	2799919	备注：从 [招行信用卡] 中借出 板蓝根
2012-02-23		39.80	2799917	备注：从 [马涛的公交一卡通] 中借出 海苔
2012-02-21		21.60	2866988	备注：从 [招行信用卡] 中借出 爱果果
2012-02-21		22.00	2786452	备注：从 [招行信用卡] 中借出 咖啡
2012-02-21		5.00	2786450	备注：从 [马涛的现金] 中借出 外婆宴
2012-02-17		500.00	2768641	备注：从 [支付宝] 中借出
2012-02-17		500.00	2768639	备注：从 [支付宝] 中借出
2012-02-17		15.00	2763995	备注：从 [马涛的现金] 中借出 半亩园
2012-02-16		46.00	2763983	备注：从 [马涛的现金] 中借出 大快活
2012-02-15		17.50	2768697	备注：从 [招行信用卡] 中借出 香港咖啡
2012-02-15	9000.00		2752269	备注：此款还到 [马涛的现金]
2012-02-15		34.80	2752260	备注：从 [马涛的现金] 中借出 大成家
2012-02-14		34.00	3099120	备注：从 [王宇航] 中借出
2012-02-14		32.50	2746050	备注：从 [郭建奇] 中借出
2012-02-13		35.90	2736890	备注：从 [招行信用卡] 中借出
2012-02-13		19.50	2736857	备注：从 [马涛的现金] 中借出
2012-02-12		2766.24	2729198	备注：从 [光大阳光卡] 中借出 代还广发卡
2012-02-08		31.75	2696866	备注：从 [广发信用卡] 中借出 渝信
2012-02-08	40.00		2696818	备注：此款还到 [桂娜]
2012-02-08		2000.00	2696717	备注：从 [支付宝] 中借出
2012-02-06		191.10	2696882	备注：从 [广发信用卡] 中借出 手机费
2012-02-02		43.80	2666169	备注：从 [马涛的现金] 中借出 面爱面
2012-02-01		170.27	2640883	备注：从 [招行一卡通] 中借出 家里电话费
2012-02-01		1000.00	2640764	备注：从 [支付宝] 中借出
2012-02-01		62.00	2640752	备注：从 [广发信用卡] 中借出 一茶一坐
2012-01-30		138.00	2666264	备注：从 [马涛的现金] 中借出 水壶
2012-01-19	5000.00		2551550	备注：此款还到 [马涛的现金]
2012-01-18		22.00	2729267	备注：从 [广发信用卡] 中借出 星巴克
2012-01-18		53.00	2589113	备注：从 [民生信用卡] 中借出 渝信
2012-01-18		300.00	2551547	备注：从 [王宇航] 中借出 年会
2012-01-16		1000.00	2535428	备注：从 [光大阳光卡] 中借出 年会
2012-01-12		54.25	2729274	备注：从 [广发信用卡] 中借出 新辣道
2012-01-12		6500.00	2494881	备注：从 [光大阳光卡] 中借出 年会
2012-01-11		1326.50	2488679	备注：从 [光大阳光卡] 中借出 代还广发卡
2012-01-06		2000.00	2837418	备注：从 [支付宝] 中借出
2012-01-06		52.50	2729284	备注：从 [广发信用卡] 中借出 渝信
2012-01-06	20000.00		2589420	备注：此款还到 [马涛的现金]
2012-01-06		20001.50	2589214	备注：从 [招行一卡通] 中借出
2012-01-06		280.47	2488795	备注：从 [广发信用卡] 中借出
2012-01-04		426.80	2729212	备注：从 [马涛的现金] 中借出 台币1666+太阳饼
2011-12-30		950.00	2729210	备注：从 [广发信用卡] 中借出 香水
2011-12-28		21.60	2430387	备注：从 [广发信用卡] 中借出 爱果果
2011-12-28		17.00	2430385	备注：从 [广发信用卡] 中借出 大快活
2011-12-23		33.00	2419444	备注：从 [马涛的现金] 中借出 蛋糕
2011-12-23		17.00	2419439	备注：从 [广发信用卡] 中借出 星巴克
2011-12-23	2500.00		2419433	备注：此款还到 [马涛的现金]
2011-12-23		39.00	2419432	备注：从 [广发信用卡] 中借出 手套
2011-12-22		60.60	2420408	备注：从 [广发信用卡] 中借出
2011-12-21		62.00	2420426	备注：从 [王宇航] 中借出
2011-12-21		30.00	2420421	备注：从 [广发信用卡] 中借出
2011-12-21	4500.00		2414811	备注：此款还到 [马涛的现金]
2011-12-20		1000.00	2412634	备注：从 [支付宝] 中借出
2011-12-20		8.00	2412627	备注：从 [马涛的现金] 中借出
2011-12-20		9.00	2412623	备注：从 [广发信用卡] 中借出
2011-12-19		17.00	2412657	备注：从 [民生信用卡] 中借出
2011-12-19		42.00	2412613	备注：从 [广发信用卡] 中借出
2011-12-16		17.25	2589130	备注：从 [广发信用卡] 中借出 星巴克
2011-12-16		39.00	2589124	备注：从 [广发信用卡] 中借出 味千拉面
2011-12-15		24.50	2402361	备注：从 [马涛的公交一卡通] 中借出 和合谷
2011-12-15		53.00	2402345	备注：从 [广发信用卡] 中借出 巴黎贝甜
2011-12-14		47.00	2402383	备注：从 [马涛的公交一卡通] 中借出 一品三笑 请李远
2011-12-13		8565.10	2396045	备注：从 [光大阳光卡] 中借出 代还广发卡
2011-12-12		13.00	2402414	备注：从 [马涛的现金] 中借出 鲜元素
2011-12-12		23.50	2402376	备注：从 [马涛的现金] 中借出 外婆宴
2011-12-08		24.00	2392530	备注：从 [郭建奇] 中借出
2011-12-07		91.50	2392521	备注：从 [郭建奇] 中借出
2011-12-06		1500.00	2729343	备注：从 [支付宝] 中借出
2011-12-06		16.20	2374828	备注：从 [广发信用卡] 中借出
2011-12-06	75.80		2374824	备注：此款还到 [林雪]
2011-12-06	75.80		2374822	备注：此款还到 [郭建奇]
2011-12-06	75.80		2374820	备注：此款还到 [王宇航]
2011-12-06		339.72	2374813	备注：从 [广发信用卡] 中借出 手机费
2011-12-06	75.80		2374808	备注：此款还到 [马涛的现金] 一茶一坐
2011-12-06		600.00	2374802	备注：从 [广发信用卡] 中借出 一茶一坐
2011-12-02	4000.00		2364709	备注：此款还到 [马涛的现金]
2011-12-02		14.00	2364705	备注：从 [广发信用卡] 中借出 星巴克
2011-12-02		88.00	2364700	备注：从 [广发信用卡] 中借出 港丽
2011-12-01		43.50	2370981	备注：从 [郭建奇] 中借出
2011-11-30		19.80	2356791	备注：从 [广发信用卡] 中借出 爱果果
2011-11-30		13.00	2356783	备注：从 [马涛的现金] 中借出 吉野家
2011-11-29		19.80	2354923	备注：从 [广发信用卡] 中借出 爱果果
2011-11-29		39.00	2354921	备注：从 [广发信用卡] 中借出 大快活
2011-11-28		15.50	2412671	备注：从 [民生信用卡] 中借出
2011-11-28		8.00	2354955	备注：从 [中友卡] 中借出 果粒多
2011-11-28		16.00	2354953	备注：从 [中友卡] 中借出 争鲜
2011-11-28		9.00	2354940	备注：从 [马涛的现金] 中借出 外婆宴团购
2011-11-28	3000.00		2349690	备注：此款还到 [马涛的现金]
2011-11-27		138.12	2335331	备注：从 [招行信用卡] 中借出 电话费
2011-11-25		400.00	2398836	备注：从 [光大阳光卡] 中借出
2011-11-24		71.00	2335467	备注：从 [郭建奇] 中借出 Mr.Pizza
2011-11-23		32.00	2335356	备注：从 [广发信用卡] 中借出 星巴克
2011-11-23		37.25	2335221	备注：从 [广发信用卡] 中借出 渝信
2011-11-23		2000.00	2321166	备注：从 [支付宝] 中借出
2011-11-21		200.00	2311710	备注：从 [马涛的现金] 中借出 贴膜
2011-11-21		15.50	2311646	备注：从 [民生信用卡] 中借出 星巴克
2011-11-21		49.30	2311635	备注：从 [广发信用卡] 中借出 时时乐
2011-11-18		15.50	2335397	备注：从 [广发信用卡] 中借出 星巴克
2011-11-18		30.00	2335308	备注：从 [广发信用卡] 中借出 渝信
2011-11-18	17500.00		2295084	备注：此款还到 [马涛的现金]
2011-11-18		14800.00	2293963	备注：从 [光大阳光卡] 中借出
2011-11-17		13.50	2335325	备注：从 [广发信用卡] 中借出 鲜元素
2011-11-17		30.00	2294144	备注：从 [广发信用卡] 中借出 巴贝拉
2011-11-17		1000.00	2293960	备注：从 [支付宝] 中借出 当当
2011-11-16		15.00	2294178	备注：从 [马涛的现金] 中借出 帮波波买麦当劳
2011-11-16		51.00	2288381	备注：从 [广发信用卡] 中借出 一茶一坐
2011-11-15		21.60	2285031	备注：从 [广发信用卡] 中借出 饮料
2011-11-15		24.50	2285025	备注：从 [马涛的现金] 中借出 吉野家
2011-11-14		12.60	2281988	备注：从 [广发信用卡] 中借出 山楂条
2011-11-14		15.00	2281982	备注：从 [民生信用卡] 中借出 星巴克
2011-11-10		1000.00	2273125	备注：从 [支付宝] 中借出
2011-11-09		1500.00	2267301	备注：从 [支付宝] 中借出
2011-11-08		2771.71	2263810	备注：从 [光大阳光卡] 中借出
2011-11-07		246.70	2335418	备注：从 [广发信用卡] 中借出 手机费
2011-11-07		8.50	2263827	备注：从 [马涛的现金] 中借出
2011-11-07		27.50	2263814	备注：从 [民生信用卡] 中借出
2011-11-03		5.00	2249547	备注：从 [马涛的现金] 中借出 花生
2011-11-03		35.00	2249535	备注：从 [招行信用卡] 中借出 百饺园
2011-11-02	6000.00		2247063	备注：此款还到 [马涛的现金]
2011-11-02		37.80	2246773	备注：从 [招行信用卡] 中借出 爱果果
2011-11-01	40.00		2243868	备注：此款还到 [林雪]
2011-11-01		760.00	2243867	备注：从 [林雪] 中借出 雪地靴
2011-11-01		59.00	2243676	备注：从 [广发信用卡] 中借出 砂锅居
2011-10-28		646.00	2233275	备注：从 [林雪] 中借出 雪地靴
2011-10-27		12.50	2243795	备注：从 [马涛的公交一卡通] 中借出 巧克力
2011-10-27		6.00	2243792	备注：从 [马涛的公交一卡通] 中借出 柠檬片
2011-10-27		42.25	2243773	备注：从 [深发展信用卡] 中借出 渝信
2011-10-27	264.00		2231599	备注：此款还到 [马涛的现金] 君太购物
2011-10-27		147.10	2231597	备注：从 [招行信用卡] 中借出 电话费
2011-10-27		500.00	2231595	备注：从 [支付宝] 中借出 借钱
2011-10-26		500.00	2231603	备注：从 [支付宝] 中借出
2011-10-26		25.00	2227601	备注：从 [马涛的现金] 中借出
2011-10-24		16.50	2224064	备注：从 [民生信用卡] 中借出
2011-10-24		31.00	2223889	备注：从 [深发展信用卡] 中借出
2011-10-20		56.00	2219731	备注：从 [深发展信用卡] 中借出 新辣道
2011-10-19		29.75	2213854	备注：从 [民生信用卡] 中借出 渝信
2011-10-19		2000.00	2213843	备注：从 [光大阳光卡] 中借出
2011-10-19	2000.00		2213838	备注：此款还到 [马涛的现金]
2011-10-17		320.00	2335465	备注：从 [马涛的现金] 中借出 修表
2011-10-17	2000.00		2209487	备注：此款还到 [马涛的现金]
2011-10-17		16.50	2209477	备注：从 [民生信用卡] 中借出
2011-10-17		58.00	2209443	备注：从 [马涛的现金] 中借出
2011-10-14		15.50	2800865	备注：从 [广发信用卡] 中借出 星巴克
2011-10-13		79.00	2205557	备注：从 [深发展信用卡] 中借出 全聚德
2011-10-12		40.00	2243938	备注：从 [深发展信用卡] 中借出
2011-10-10		306.91	2209495	备注：从 [深发展信用卡] 中借出
2011-10-10	6000.00		2195946	备注：此款还到 [马涛的现金]
2011-10-10		2010.40	2192927	备注：从 [光大阳光卡] 中借出
2011-10-10		500.00	2192918	备注：从 [支付宝] 中借出
2011-10-10		500.00	2192916	备注：从 [支付宝] 中借出
2011-10-10		16.00	2192897	备注：从 [民生信用卡] 中借出
2011-10-10		20.00	2192891	备注：从 [马涛的现金] 中借出
2011-10-10	100.00		2192884	备注：此款还到 [马涛的现金]
2011-10-01	113.00		2172932	备注：此款还到 [支付宝] 衣服退货
2011-09-30		113.00	2169912	备注：从 [支付宝] 中借出 买衣服
2011-09-27		37.00	2164162	备注：从 [深发展信用卡] 中借出
2011-09-26		15.00	2170348	备注：从 [民生信用卡] 中借出
2011-09-26	59.00		2170335	备注：此款还到 [林雪]
2011-09-26	63.00		2170332	备注：此款还到 [王宇航]
2011-09-26	63.00		2170330	备注：此款还到 [马涛的现金]
2011-09-26		300.00	2170325	备注：从 [深发展信用卡] 中借出 一茶一坐
2011-09-23		15.50	2205588	备注：从 [深发展信用卡] 中借出 华联超市
2011-09-21		282.80	2149346	备注：从 [深发展信用卡] 中借出 买药
2011-09-21		1000.00	2149344	备注：从 [支付宝] 中借出
2011-09-21		82.00	2149336	备注：从 [深发展信用卡] 中借出 新辣道
2011-09-19		16.50	2144346	备注：从 [民生信用卡] 中借出 星巴克
2011-09-19		29.00	2144338	备注：从 [深发展信用卡] 中借出
2011-09-11		165.65	2124987	备注：从 [招行信用卡] 中借出 电话费
2011-09-07		45.00	2124975	备注：从 [深发展信用卡] 中借出 大快活
2011-09-07	4000.00		2116549	备注：此款还到 [马涛的现金]
2011-09-07		221.50	2116548	备注：从 [深发展信用卡] 中借出 手机费
2011-09-07		500.00	2116205	备注：从 [广发信用卡] 中借出
2011-09-06		40.00	2148758	备注：从 [王宇航] 中借出 快递
2011-09-06	75.00		2116564	备注：此款还到 [孙宇]
2011-09-06		33.50	2116231	备注：从 [深发展信用卡] 中借出
2011-09-05		77.00	2148760	备注：从 [王宇航] 中借出 一茶一坐
2011-09-05		6517.03	2116251	备注：从 [光大阳光卡] 中借出
2011-09-02		86.00	2205574	备注：从 [深发展信用卡] 中借出 新辣道
2011-08-31		29.50	2095642	备注：从 [马涛的公交一卡通] 中借出
2011-08-30	3000.00		2116254	备注：此款还到 [马涛的现金]
2011-08-30		20.00	2095662	备注：从 [马涛的现金] 中借出
2011-08-30		86.00	2095660	备注：从 [广发信用卡] 中借出
2011-08-26		999.99	2079923	备注：从 [支付宝] 中借出
2011-08-26		15.00	2079561	备注：从 [广发信用卡] 中借出 星巴克
2011-08-26	64.00		2079552	备注：此款还到 [马涛的现金]
2011-08-26	64.00		2079549	备注：此款还到 [郭建奇]
2011-08-24		43.25	2071654	备注：从 [广发信用卡] 中借出 渝信
2011-08-23		9.50	2083437	备注：从 [马涛的公交一卡通] 中借出 京客隆
2011-08-23		51.25	2071668	备注：从 [深发展信用卡] 中借出 必胜客
2011-08-22		62.00	2083556	备注：从 [马涛的现金] 中借出 一茶一坐
2011-08-22	188.00		2083552	备注：此款还到 [马涛的现金] 一茶一坐代付款
2011-08-18		25.20	2057018	备注：从 [马涛的现金] 中借出 老边饺子
2011-08-17		25.50	2051875	备注：从 [马涛的现金] 中借出 外婆宴
2011-08-16		40.00	2050312	备注：从 [深发展信用卡] 中借出 大快活
2011-08-11		37.50	2050469	备注：从 [深发展信用卡] 中借出 渝信
2011-08-09		62.75	2023024	备注：从 [深发展信用卡] 中借出 一茶一坐
2011-08-05		12.00	2018331	备注：从 [广发信用卡] 中借出 星巴克
2011-08-05		164.49	2018313	备注：从 [广发信用卡] 中借出 手机费
2011-08-05		43.75	2018302	备注：从 [深发展信用卡] 中借出 渝信
2011-08-04		32.00	2009647	备注：从 [深发展信用卡] 中借出 星巴克
2011-08-04		20.40	2009633	备注：从 [马涛的现金] 中借出 陕西面
2011-08-03	6000.00		2006910	备注：此款还到 [马涛的现金]
2011-08-03		13.50	2006904	备注：从 [广发信用卡] 中借出 爱果果
2011-08-03		56.50	2006889	备注：从 [广发信用卡] 中借出 渝信
2011-08-02		1964.80	2003791	备注：从 [光大阳光卡] 中借出 代还广发卡
2011-08-02		44.50	2003784	备注：从 [深发展信用卡] 中借出 新辣道
2011-08-02		25.80	2003141	备注：从 [深发展信用卡] 中借出 爱果果
2011-08-02	3000.00		2003116	备注：此款还到 [马涛的现金]
2011-07-30		141.94	1997443	备注：从 [招行信用卡] 中借出 电话费
2011-07-26		1000.00	1985008	备注：从 [支付宝] 中借出
2011-07-25	3000.00		1984701	备注：此款还到 [马涛的现金]
2011-07-25		15.75	1982911	备注：从 [民生信用卡] 中借出 星巴克
2011-07-25		395.00	1982907	备注：从 [深发展信用卡] 中借出 vans
2011-07-25		24.00	1982905	备注：从 [深发展信用卡] 中借出 巴贝拉
2011-07-25		1000.00	1982121	备注：从 [支付宝] 中借出
2011-07-22		28.00	1976873	备注：从 [深发展信用卡] 中借出 同仁堂
2011-07-22		49.68	1976868	备注：从 [深发展信用卡] 中借出 爱果果
2011-07-22		28.00	1976864	备注：从 [深发展信用卡] 中借出 渝信
2011-07-18		16.00	1970970	备注：从 [民生信用卡] 中借出 星巴克
2011-07-18		43.00	1970966	备注：从 [广发信用卡] 中借出 渝信
2011-07-15		36.75	1960227	备注：从 [马涛的现金] 中借出 外婆宴
2011-07-14		83.60	1955843	备注：从 [深发展信用卡] 中借出 首都时代广场
2011-07-14		150.00	1955584	备注：从 [孙宇] 中借出 羽毛球拍
2011-07-13		20.00	1954566	备注：从 [深发展信用卡] 中借出 万宁指甲挑
2011-07-13		132.33	1954561	备注：从 [深发展信用卡] 中借出 话费
2011-07-13		75.00	1954548	备注：从 [深发展信用卡] 中借出 sizzler
2011-07-13		2587.00	1954538	备注：从 [光大阳光卡] 中借出 代胖子转钱
2011-07-12		22.25	1952389	备注：从 [马涛的现金] 中借出 桂林米粉
2011-07-11		19.00	1952427	备注：从 [民生信用卡] 中借出 星巴克
2011-07-11		41.00	1952413	备注：从 [深发展信用卡] 中借出 大快活
2011-07-08		7.78	1952402	备注：从 [马涛的公交一卡通] 中借出 活性炭+百事可乐
2011-07-08		21.00	1942345	备注：从 [马涛的现金] 中借出 陕西面
2011-07-07		500.00	1937560	备注：从 [孙宇] 中借出
2011-07-06		65.00	1934986	备注：从 [王宇航] 中借出 一茶一坐
2011-07-06		2044.52	1933338	备注：从 [光大阳光卡] 中借出
2011-07-05	6000.00		1932637	备注：此款还到 [马涛的现金]
2011-07-05		12.75	1932630	备注：从 [马涛的现金] 中借出
2011-07-05		36.60	1932617	备注：从 [深发展信用卡] 中借出
2011-07-04		40.00	1934982	备注：从 [王宇航] 中借出
2011-07-04		16.50	1928948	备注：从 [民生信用卡] 中借出 星巴克
2011-07-01		100.00	1955565	备注：从 [王宇航] 中借出 海底捞
2011-06-29		7.65	1928978	备注：从 [马涛的公交一卡通] 中借出 京客隆
2011-06-29		15.50	1915873	备注：从 [马涛的现金] 中借出 陕西面
2011-06-28		2000.00	1913922	备注：从 [支付宝] 中借出
2011-06-28		29.00	1913872	备注：从 [马涛的现金] 中借出 半亩园
2011-06-27		6.50	1929010	备注：从 [马涛的公交一卡通] 中借出 吉野家
2011-06-24		66.50	1908089	备注：从 [广发信用卡] 中借出 新辣道
2011-06-24		299.00	1908042	备注：从 [广发信用卡] 中借出 钱柜
2011-06-23		31.50	1908308	备注：从 [深发展信用卡] 中借出 巴郡天下
2011-06-23		98.80	1902114	备注：从 [招行信用卡] 中借出 电话费
2011-06-20		29.40	1902428	备注：从 [深发展信用卡] 中借出 渝信
2011-06-17		100.00	1890208	备注：从 [马涛的现金] 中借出 修睫毛
2011-06-17		27.50	1890202	备注：从 [马涛的现金] 中借出 蜀香记
2011-06-16		25.00	1890195	备注：从 [马涛的现金] 中借出 大成家
2011-06-16		8.50	1890135	备注：从 [深发展信用卡] 中借出 鲜元素
2011-06-16		500.00	1884050	备注：从 [广发信用卡] 中借出 支付宝
2011-06-16		500.00	1884048	备注：从 [招行信用卡] 中借出 支付宝
2011-06-15	670.00		1881605	备注：此款还到 [林雪]
2011-06-15		120.00	1881545	备注：从 [林雪] 中借出 剪头发
2011-06-15	70.00		1881503	备注：此款还到 [孙宇]
2011-06-14		44.00	1890165	备注：从 [深发展信用卡] 中借出 味千
2011-06-13		5.00	1890147	备注：从 [马涛的现金] 中借出 协和挂号
2011-06-13		79.24	1890143	备注：从 [深发展信用卡] 中借出 协和买药
2011-06-13		15.00	1883543	备注：从 [马涛的现金] 中借出 肯德基
2011-06-11		636.10	1872510	备注：从 [招行一卡通] 中借出 水费
2011-06-10		15.00	1871819	备注：从 [广发信用卡] 中借出 星巴克
2011-06-10		30.00	1871812	备注：从 [深发展信用卡] 中借出 川辣汇
2011-06-09		1.75	1871843	备注：从 [马涛的公交一卡通] 中借出 可乐
2011-06-09		67.25	1871828	备注：从 [深发展信用卡] 中借出 海底捞
2011-06-02		47.00	1855878	备注：从 [深发展信用卡] 中借出 渝信
2011-06-01		468.00	1855882	备注：从 [深发展信用卡] 中借出 丝芙兰
2011-06-01		29.00	1855864	备注：从 [马涛的公交一卡通] 中借出 吉野家
2011-05-31		1652.88	1844585	备注：从 [光大阳光卡] 中借出 代还广发卡
2011-05-31		29.90	1844549	备注：从 [马涛的现金] 中借出 大成家
2011-05-30		17.50	1840736	备注：从 [民生信用卡] 中借出 星巴克
2011-05-30		49.00	1840731	备注：从 [马涛的现金] 中借出 大快活
2011-05-30		350.00	1840121	备注：从 [林雪] 中借出
2011-05-26		28.00	1835958	备注：从 [王宇航] 中借出 吉野家
2011-05-25		40.00	1827810	备注：从 [深发展信用卡] 中借出 渝信
2011-05-24	5000.00		1824907	备注：此款还到 [王宇航]
2011-05-24		1145.90	1824906	备注：从 [深发展信用卡] 中借出 君太买衣服
2011-05-24		34.75	1824900	备注：从 [深发展信用卡] 中借出 渝信
2011-05-19		7.00	1814165	备注：从 [马涛的现金] 中借出 屈臣氏柠檬茶
2011-05-19	80.00		1814106	备注：此款还到 [林雪]
2011-05-19		19.75	1814080	备注：从 [马涛的现金] 中借出 桂林米粉
2011-05-16		35.00	1808314	备注：从 [广发信用卡] 中借出 渝信
2011-05-13		165.89	1800012	备注：从 [招行信用卡] 中借出 电话费
2011-05-13		39.00	1800003	备注：从 [广发信用卡] 中借出 大快活
2011-05-11		2.50	1794962	备注：从 [马涛的现金] 中借出 豆腐
2011-05-10		18.40	1795007	备注：从 [马涛的现金] 中借出 陕西面
2011-05-10		107.00	1794975	备注：从 [广发信用卡] 中借出 锦府盐帮
2011-05-09		51.50	1791257	备注：从 [招行信用卡] 中借出 禾绿
2011-05-07		75.00	1788975	备注：从 [王宇航] 中借出 天X天账务
2011-05-06		14.80	1782792	备注：从 [马涛的公交一卡通] 中借出 京客隆 口香糖
2011-05-06		36.75	1782772	备注：从 [广发信用卡] 中借出 渝信
2011-05-05		150.00	1779712	备注：从 [马涛的现金] 中借出 桂娜礼金
2011-05-03		40.60	1782756	备注：从 [招行信用卡] 中借出 米斯特比萨
2011-04-30		4875.90	1765794	备注：从 [光大阳光卡] 中借出 代还广发卡
2011-04-29		19.40	1763061	备注：从 [马涛的现金] 中借出 陕西面
2011-04-27		55.00	1788967	备注：从 [王宇航] 中借出
2011-04-27		32.00	1788965	备注：从 [王宇航] 中借出
2011-04-26	5000.00		1752004	备注：此款还到 [马涛的现金]
2011-04-26		14.50	1752002	备注：从 [浦发信用卡] 中借出 鲜元素
2011-04-26		33.00	1751994	备注：从 [浦发信用卡] 中借出 渝信
2011-04-25		15.00	1751983	备注：从 [浦发信用卡] 中借出 果丹皮、抽纸
2011-04-25		31.50	1751971	备注：从 [浦发信用卡] 中借出 知味麻辣小厨
2011-04-25		101.00	1748171	备注：从 [王宇航] 中借出 星巴克
2011-04-22		16.00	1746774	备注：从 [广发信用卡] 中借出 星巴克
2011-04-22		24.80	1746762	备注：从 [广发信用卡] 中借出 味千拉面
2011-04-21		377.00	1740785	备注：从 [王宇航] 中借出 清算一周账务
2011-04-21	75.00		1738687	备注：此款还到 [孙宇]
2011-04-20		400.00	1735096	备注：从 [招行信用卡] 中借出
2011-04-20		400.00	1735094	备注：从 [招行信用卡] 中借出
2011-04-20		400.00	1735091	备注：从 [招行信用卡] 中借出
2011-04-20		400.00	1735054	备注：从 [招行信用卡] 中借出 支付宝
2011-04-20		400.00	1735039	备注：从 [招行信用卡] 中借出 支付宝
2011-04-19		8.00	1735035	备注：从 [马涛的现金] 中借出 鲜元素
2011-04-18		30.00	1728659	备注：从 [马涛的现金] 中借出 大成家
2011-04-06		25.90	1687735	备注：从 [深发展信用卡] 中借出 华联 燕麦条
2011-04-06		15.00	1687615	备注：从 [深发展信用卡] 中借出 味千
2011-04-02	2000.00		1669535	备注：此款还到 [马涛的现金]
2011-04-02		39.50	1669530	备注：从 [深发展信用卡] 中借出 知味麻辣小厨
2011-04-01	1200.00		1666481	备注：此款还到 [马涛的现金]
2011-04-01		30.00	1666474	备注：从 [深发展信用卡] 中借出 新辣道
2011-04-01		10.00	1666463	备注：从 [马涛的现金] 中借出 新辣道vip卡
2011-03-30		12000.00	1659602	备注：从 [光大阳光卡] 中借出
2011-03-30		37.60	1658359	备注：从 [深发展信用卡] 中借出 米斯特比萨
2011-03-29		694.00	1655426	备注：从 [光大阳光卡] 中借出 代还广发卡
2011-03-29	12000.00		1655409	备注：此款还到 [马涛的现金]
2011-03-29		31.40	1654240	备注：从 [深发展信用卡] 中借出 渝信
2011-03-28		28.50	1654250	备注：从 [马涛的公交一卡通] 中借出 吉野家标牛套餐
2011-03-25		31.00	1644533	备注：从 [深发展信用卡] 中借出 新辣道
2011-03-24		19.40	1644668	备注：从 [马涛的公交一卡通] 中借出 一品三笑
2011-03-23		27.20	1638951	备注：从 [深发展信用卡] 中借出 巴贝拉
2011-03-23		500.00	1638902	备注：从 [支付宝] 中借出
2011-03-23		500.00	1638900	备注：从 [支付宝] 中借出
2011-03-22		27.40	1638935	备注：从 [招行信用卡] 中借出 渝信
2011-03-21		500.00	1638898	备注：从 [支付宝] 中借出
2011-03-21		500.00	1638896	备注：从 [支付宝] 中借出
2011-03-17		5.00	1626301	备注：从 [马涛的现金] 中借出 鲜元素
2011-03-17		32.00	1626287	备注：从 [招行信用卡] 中借出 川辣汇
2011-03-15		310.00	1617945	备注：从 [光大阳光卡] 中借出 代还木木
2011-03-14		91.20	1618710	备注：从 [招行信用卡] 中借出 黑乌龙茶
2011-03-14		19.80	1614571	备注：从 [马涛的现金] 中借出 没完没了
2011-03-14		15.00	1614569	备注：从 [马涛的现金] 中借出 吉野家
2011-03-10		80.00	1603775	备注：从 [王宇航] 中借出
2011-03-10		120.00	1603768	备注：从 [马涛的现金] 中借出 指甲油、戒指
2011-03-10		30.50	1603761	备注：从 [马涛的现金] 中借出 新一代麻辣香锅
2011-03-07		6.80	1597197	备注：从 [马涛的现金] 中借出 鲜元素
2011-03-07		27.80	1597170	备注：从 [招行信用卡] 中借出 渝信
2011-03-04		8.50	1588443	备注：从 [马涛的现金] 中借出 梅子红茶
2011-03-04		2000.00	1588411	备注：从 [支付宝] 中借出
2011-03-04		4000.00	1588406	备注：从 [光大阳光卡] 中借出 工商银行
2011-03-04		34.60	1588391	备注：从 [招行信用卡] 中借出 川辣汇
2011-03-03		6703.87	1584818	备注：从 [光大阳光卡] 中借出 代还广发卡
2011-03-03	14000.00		1584810	备注：此款还到 [马涛的现金]
2011-03-03		12.75	1584353	备注：从 [马涛的现金] 中借出 鲜元素
2011-03-03		63.00	1584343	备注：从 [招行信用卡] 中借出 港丽
2011-03-01		8.50	1576978	备注：从 [马涛的现金] 中借出 梅子红茶
2011-03-01	80.00		1576970	备注：此款还到 [桂娜] 桂娜理发
2011-03-01		37.50	1576943	备注：从 [招行信用卡] 中借出 川辣汇
2011-02-28		14.00	1575168	备注：从 [马涛的现金] 中借出 蒙自源
2011-02-27		75.00	1576974	备注：从 [王宇航] 中借出 桌游吧消费
2011-02-25		8.50	1568699	备注：从 [马涛的现金] 中借出 梅子红茶
2011-02-25		46.40	1568691	备注：从 [招行信用卡] 中借出 川辣汇
2011-02-24		32.00	1568721	备注：从 [招行信用卡] 中借出 星巴克大焦糖玛奇朵
2011-02-24		14.00	1564267	备注：从 [马涛的现金] 中借出 蒙自源
2011-02-22		6000.00	1557643	备注：从 [光大阳光卡] 中借出 工商银行
2011-02-22	6000.00		1557587	备注：此款还到 [马涛的现金]
2011-02-22		3.50	1557582	备注：从 [马涛的现金] 中借出 可乐
2011-02-21		52.00	1555720	备注：从 [招行信用卡] 中借出 禾绿
2011-02-21		2000.00	1554326	备注：从 [招行信用卡] 中借出 淘宝
2011-02-20	75.00		1551564	备注：此款还到 [孙宇]
2011-02-16		37.00	1550051	备注：从 [招行信用卡] 中借出 渝信
2011-02-14		53.00	1533187	备注：从 [马涛的现金] 中借出 拿渡
2011-01-29		4012.90	1493065	备注：从 [光大阳光卡] 中借出 代还广发卡
2011-01-28		1789.70	1489965	备注：从 [光大阳光卡] 中借出 还招行信用卡
2011-01-28	200.00		1489959	备注：此款还到 [马涛的现金]
2011-01-28	5800.00		1489957	备注：此款还到 [光大阳光卡]
2011-01-28		8.50	1489953	备注：从 [马涛的现金] 中借出 鲜元素
2011-01-27		2000.00	1485299	备注：从 [支付宝] 中借出
2011-01-25		15.00	1550091	备注：从 [深发展信用卡] 中借出 不二家+椰汁
2011-01-22	2400.00		1470099	备注：此款还到 [光大阳光卡]
2011-01-12		14.00	1440329	备注：从 [马涛的现金] 中借出 陕西面
2011-01-11		24.00	1440353	备注：从 [马涛的现金] 中借出 桂林人
2011-01-07		33.00	1481695	备注：从 [马涛的现金] 中借出
2011-01-07	99.00		1481692	备注：此款还到 [马涛的现金]
2011-01-06		20000.00	1575229	备注：从 [光大阳光卡] 中借出
2011-01-06	20000.00		1575220	备注：此款还到 [马涛的现金]
2011-01-06		46.00	1449580	备注：从 [马涛的现金] 中借出
2010-12-30		28.00	1404493	备注：从 [马涛的现金] 中借出 威露士洗手液+抽纸
2010-12-30	42.20		1404490	备注：此款还到 [马涛的现金] ecb卡
2010-12-30	2000.00		1404410	备注：此款还到 [马涛的现金]
2010-12-29		42.00	1399213	备注：从 [马涛的现金] 中借出 元绿
2010-12-28		47.50	1398998	备注：从 [马涛的现金] 中借出 川辣汇
2010-12-27		2286.75	1404422	备注：从 [光大阳光卡] 中借出 代还信用卡
2010-12-27		29.00	1398994	备注：从 [马涛的现金] 中借出 味千
2010-12-23	40.00		1383194	备注：此款还到 [桂娜]
2010-12-21		950.00	1377761	备注：从 [支付宝] 中借出
2010-12-21	950.00		1377750	备注：此款还到 [马涛的现金] 长安购物卡
2010-12-21		10.50	1377738	备注：从 [马涛的现金] 中借出 一品三笑
2010-12-20		31.80	1373432	备注：从 [深发展信用卡] 中借出 一麻一辣
2010-12-16		9.00	1364832	备注：从 [马涛的现金] 中借出 鲜元素
2010-12-16		39.00	1364817	备注：从 [马涛的现金] 中借出 汉堡王
2010-12-15	362.00		1373420	备注：此款还到 [孙宇]
2010-12-15		45.40	1360402	备注：从 [深发展信用卡] 中借出 渝信
2010-12-14		13.00	1357806	备注：从 [马涛的现金] 中借出 咖啡
2010-12-14	34.59		1357799	备注：此款还到 [马涛的现金] 西单购物中心
2010-12-14		25.20	1357789	备注：从 [马涛的现金] 中借出 盘古烤肉
2010-12-10		32.00	1346602	备注：从 [马涛的现金] 中借出 新一代麻辣香锅
2010-12-09		36.50	1357888	备注：从 [深发展信用卡] 中借出 味千
2010-12-08		80.00	1340478	备注：从 [深发展信用卡] 中借出 蕉叶
2010-12-07	10.00		1337028	备注：此款还到 [马涛的现金]
2010-12-07		9.60	1337010	备注：从 [马涛的现金] 中借出 老门
2010-12-07		1000.00	1337006	备注：从 [支付宝] 中借出
2010-12-07	2000.00		1336999	备注：此款还到 [马涛的现金]
2010-12-06		48.40	1334006	备注：从 [马涛的现金] 中借出 港丽
2010-12-03		400.00	1326296	备注：从 [光大阳光卡] 中借出 代还信用卡
2010-12-03	2000.00		1326290	备注：此款还到 [马涛的现金]
2010-12-03		9.00	1325238	备注：从 [招行信用卡] 中借出 巴贝拉饮料
2010-12-03		21.40	1325229	备注：从 [招行信用卡] 中借出 巴贝拉
2010-11-30		40.00	1312970	备注：从 [招行信用卡] 中借出 渝信
2010-11-29		8.00	1306828	备注：从 [马涛的现金] 中借出 一品三笑
2010-11-26		16.50	1302080	备注：从 [马涛的现金] 中借出 粥铺
2010-11-24		539.00	1293948	备注：从 [林雪] 中借出
2010-11-23		21.90	1302113	备注：从 [招行信用卡] 中借出 面香居
2010-11-22		50.00	1287478	备注：从 [招行信用卡] 中借出 禾绿
2010-11-19		50.75	1282908	备注：从 [招行信用卡] 中借出 港丽
2010-11-18		231.50	1277343	备注：从 [支付宝] 中借出
2010-11-18	231.50		1277312	备注：此款还到 [单鑫波]
2010-11-18		20.40	1277159	备注：从 [半亩园会员卡] 中借出
2010-11-18	75.00		1276959	备注：此款还到 [孙宇]
2010-11-16		37.00	1277141	备注：从 [马涛的现金] 中借出 新一代麻辣香锅
2010-11-15		1000.00	1269311	备注：从 [支付宝] 中借出
2010-11-15		29.50	1269295	备注：从 [招行信用卡] 中借出 禾绿
2010-11-08		306.30	1250708	备注：从 [支付宝] 中借出
2010-11-08	4000.00		1250699	备注：此款还到 [光大阳光卡]
2010-11-01		885.10	1231118	备注：从 [光大阳光卡] 中借出
2010-11-01		26.60	1230543	备注：从 [民生信用卡] 中借出 渝信
2010-10-27		25.00	1216683	备注：从 [招行信用卡] 中借出 味千拉面
2010-10-26		1000.00	1214890	备注：从 [支付宝] 中借出
2010-10-22		66.00	1205966	备注：从 [招行信用卡] 中借出 淘宝代付
2010-10-21		16.00	1203537	备注：从 [马涛的现金] 中借出 肯德基
2010-10-21	50.00		1203523	备注：此款还到 [马涛的现金]
2010-10-20		45.85	1203614	备注：从 [华联储值卡] 中借出 半箱黑乌龙茶
2010-10-20		27.80	1203472	备注：从 [招行信用卡] 中借出 汤泡饭
2010-10-18		62.50	1203589	备注：从 [华联储值卡] 中借出 雨伞+黑乌龙茶*3
2010-10-14		500.00	1184176	备注：从 [支付宝] 中借出
2010-10-12		320.00	1178005	备注：从 [马涛的现金] 中借出 代付茶叶钱
2010-10-12		26.90	1177763	备注：从 [马涛的现金] 中借出 大成家
2010-10-12	1500.00		1177436	备注：此款还到 [马涛的现金]
2010-10-06		300.00	1162088	备注：电话费
2010-10-06		111.72	1162086	备注：从 [招行信用卡] 中借出 电话费
2010-09-26		1623.36	1139884	备注：从 [光大阳光卡] 中借出 还信用卡
2010-09-25	50.00		1137914	备注：此款还到 [桂娜]
2010-09-25		26.20	1137864	备注：从 [招行信用卡] 中借出 汤泡饭
2010-09-20		20.00	1137892	备注：从 [桂娜] 中借出 午餐
2010-09-19		23.40	1122600	备注：从 [马涛的现金] 中借出 汉堡王
2010-09-19		99.12	1121139	备注：从 [支付宝] 中借出 三得利黑乌龙茶
2010-09-16		15.80	1114746	备注：从 [马涛的现金] 中借出 蒙自源
2010-09-15		60.00	1111223	备注：从 [桂娜] 中借出
2010-09-15		98.00	1111221	备注：从 [支付宝] 中借出 京剧票
2010-09-15		25.00	1111203	备注：从 [马涛的现金] 中借出 新一代麻辣香锅
2010-09-14	1300.00		1108741	备注：此款还到 [马涛的现金]
2010-09-14	2000.00		1108682	备注：此款还到 [马涛的现金]
2010-09-14		158.00	1108498	备注：从 [招行信用卡] 中借出 spa券
2010-09-14		17.50	1108427	备注：从 [招行信用卡] 中借出 巴贝拉
2010-09-10		30.80	1099789	备注：从 [招行信用卡] 中借出 味千
2010-09-06		50.00	1088529	备注：从 [桂娜] 中借出
2010-09-02		29.00	1078743	备注：从 [招行信用卡] 中借出 必胜客
2010-09-02	2100.00		1078446	备注：此款还到 [马涛的现金]
2010-09-01		500.00	1075494	备注：从 [支付宝] 中借出
2010-08-30		288.00	1070850	备注：从 [招行信用卡] 中借出 买鞋
2010-08-30		16.00	1070844	备注：从 [招行信用卡] 中借出 渝信
2010-08-27		1700.00	1063454	备注：从 [光大阳光卡] 中借出 代还信用卡
2010-08-26		43.00	1060087	备注：从 [招行信用卡] 中借出 化妆棉、纸巾盒
2010-08-26		48.80	1060079	备注：从 [招行信用卡] 中借出 一茶一坐
2010-08-23		28.00	1052596	备注：从 [我的现金] 中借出 新一代麻辣香锅
2010-08-20		10.00	1046414	备注：从 [我的现金] 中借出 帮买烟
2010-08-20		22.40	1046389	备注：从 [招行信用卡] 中借出 汤泡饭
2010-08-20		316.00	1046368	备注：从 [招行信用卡] 中借出 君太买包
2010-08-18	490.00		1041778	备注：此款还到 [桂娜]
2010-08-18		500.00	1041722	备注：从 [支付宝] 中借出
2010-08-16		49.00	1039102	备注：从 [浦发信用卡] 中借出 一茶一坐
2010-08-13		100.00	1034412	备注：从 [我的现金] 中借出
2010-08-13	1960.00		1031494	备注：此款还到 [我的现金]
2010-08-12		29.00	1034307	备注：从 [招行信用卡] 中借出 渝信
2010-08-10		41.50	1034416	备注：从 [招行信用卡] 中借出 文豪杂粮食府
2010-08-10		3.75	1034414	备注：从 [浦发信用卡] 中借出 好邻居
2010-08-06		13.80	1034405	备注：从 [浦发信用卡] 中借出 湿纸巾
2010-08-06		19.50	1034401	备注：从 [浦发信用卡] 中借出 汤泡饭
2010-08-04		500.00	1034398	备注：从 [支付宝] 中借出
2010-08-02		116.00	1034392	备注：从 [招行信用卡] 中借出 代购话剧票
2010-08-02		33.00	1034390	备注：给孙宇买生日礼物
2010-07-31		3076.30	1033988	备注：整理之前债务
