Array
(
    [0] => Array
        (
            [0] => 马涛的现金
            [1] => http://www.zhangben.com/myaccount/subject/143146/
        )

    [1] => Array
        (
            [0] => 李方的现金
            [1] => http://www.zhangben.com/myaccount/subject/144585/
        )

    [2] => Array
        (
            [0] => 支付宝
            [1] => http://www.zhangben.com/myaccount/subject/143170/
        )

    [3] => Array
        (
            [0] => 李方的公交一卡通
            [1] => http://www.zhangben.com/myaccount/subject/159697/
        )

    [4] => Array
        (
            [0] => 马涛的公交一卡通
            [1] => http://www.zhangben.com/myaccount/subject/158747/
        )

    [5] => Array
        (
            [0] => 中友卡
            [1] => http://www.zhangben.com/myaccount/subject/168805/
        )

    [6] => Array
        (
            [0] => 马涛的手机
            [1] => http://www.zhangben.com/myaccount/subject/144973/
        )

    [7] => Array
        (
            [0] => 财付通
            [1] => http://www.zhangben.com/myaccount/subject/178415/
        )

    [8] => Array
        (
            [0] => 麻辣诱惑会员卡
            [1] => http://www.zhangben.com/myaccount/subject/174418/
        )

    [9] => Array
        (
            [0] => 苏宁易付宝
            [1] => http://www.zhangben.com/myaccount/subject/174322/
        )

    [10] => Array
        (
            [0] => 家乐福购物卡
            [1] => http://www.zhangben.com/myaccount/subject/171486/
        )

    [11] => Array
        (
            [0] => 好利来礼品卡
            [1] => http://www.zhangben.com/myaccount/subject/171483/
        )

    [12] => Array
        (
            [0] => 当当购物卡
            [1] => http://www.zhangben.com/myaccount/subject/167331/
        )

    [13] => Array
        (
            [0] => 华联储值卡
            [1] => http://www.zhangben.com/myaccount/subject/145588/
        )

    [14] => Array
        (
            [0] => 半亩园会员卡
            [1] => http://www.zhangben.com/myaccount/subject/143546/
        )

    [15] => Array
        (
            [0] => 马涛的公园年票
            [1] => http://www.zhangben.com/myaccount/subject/156881/
        )

    [16] => Array
        (
            [0] => 李方的公园年票
            [1] => http://www.zhangben.com/myaccount/subject/156880/
        )

    [17] => Array
        (
            [0] => 58团购
            [1] => http://www.zhangben.com/myaccount/subject/145667/
        )

)
Array
(
    [0] => Array
        (
            [0] => 深发展金卡
            [1] => http://www.zhangben.com/myaccount/subject/174619/
        )

    [1] => Array
        (
            [0] => 中信借记卡
            [1] => http://www.zhangben.com/myaccount/subject/175006/
        )

    [2] => Array
        (
            [0] => 中国银行Fesco卡
            [1] => http://www.zhangben.com/myaccount/subject/163188/
        )

    [3] => Array
        (
            [0] => 黄金储备
            [1] => http://www.zhangben.com/myaccount/subject/156882/
        )

    [4] => Array
        (
            [0] => 李方的一卡通
            [1] => http://www.zhangben.com/myaccount/subject/144586/
        )

    [5] => Array
        (
            [0] => 光大阳光卡
            [1] => http://www.zhangben.com/myaccount/subject/143145/
        )

    [6] => Array
        (
            [0] => 招行一卡通
            [1] => http://www.zhangben.com/myaccount/subject/143144/
        )

    [7] => Array
        (
            [0] => 光大理财
            [1] => http://www.zhangben.com/myaccount/subject/178180/
        )

    [8] => Array
        (
            [0] => 医保账户
            [1] => http://www.zhangben.com/myaccount/subject/178179/
        )

)
Array
(
    [0] => Array
        (
            [0] => 招行信用卡
            [1] => http://www.zhangben.com/myaccount/subject/143141/
        )

    [1] => Array
        (
            [0] => 李方的招行信用卡
            [1] => http://www.zhangben.com/myaccount/subject/155981/
        )

    [2] => Array
        (
            [0] => 中信信用卡
            [1] => http://www.zhangben.com/myaccount/subject/174684/
        )

    [3] => Array
        (
            [0] => 浦发信用卡
            [1] => http://www.zhangben.com/myaccount/subject/143142/
        )

    [4] => Array
        (
            [0] => 交行信用卡
            [1] => http://www.zhangben.com/myaccount/subject/171610/
        )

    [5] => Array
        (
            [0] => 广发信用卡
            [1] => http://www.zhangben.com/myaccount/subject/161469/
        )

    [6] => Array
        (
            [0] => 民生信用卡
            [1] => http://www.zhangben.com/myaccount/subject/143143/
        )

    [7] => Array
        (
            [0] => 深发展信用卡
            [1] => http://www.zhangben.com/myaccount/subject/152619/
        )

)
Array
(
    [0] => Array
        (
            [0] => 张志强
            [1] => http://www.zhangben.com/myaccount/subject/145946/
        )

    [1] => Array
        (
            [0] => 李方
            [1] => http://www.zhangben.com/myaccount/subject/143245/
        )

    [2] => Array
        (
            [0] => 陆敏
            [1] => http://www.zhangben.com/myaccount/subject/143175/
        )

    [3] => Array
        (
            [0] => 万斯
            [1] => http://www.zhangben.com/myaccount/subject/146759/
        )

)
Array
(
    [0] => Array
        (
            [0] => 王峰
            [1] => http://www.zhangben.com/myaccount/subject/175660/
        )

    [1] => Array
        (
            [0] => 牛杰元
            [1] => http://www.zhangben.com/myaccount/subject/175133/
        )

    [2] => Array
        (
            [0] => 李迪
            [1] => http://www.zhangben.com/myaccount/subject/174893/
        )

    [3] => Array
        (
            [0] => 孙宇
            [1] => http://www.zhangben.com/myaccount/subject/143232/
        )

    [4] => Array
        (
            [0] => 姚子键
            [1] => http://www.zhangben.com/myaccount/subject/176716/
        )

    [5] => Array
        (
            [0] => 叶子
            [1] => http://www.zhangben.com/myaccount/subject/175667/
        )

    [6] => Array
        (
            [0] => 孙建文
            [1] => http://www.zhangben.com/myaccount/subject/175666/
        )

    [7] => Array
        (
            [0] => 李安
            [1] => http://www.zhangben.com/myaccount/subject/143150/
        )

    [8] => Array
        (
            [0] => 王伟森
            [1] => http://www.zhangben.com/myaccount/subject/166310/
        )

    [9] => Array
        (
            [0] => 赵巍
            [1] => http://www.zhangben.com/myaccount/subject/158713/
        )

    [10] => Array
        (
            [0] => 林雪
            [1] => http://www.zhangben.com/myaccount/subject/143235/
        )

    [11] => Array
        (
            [0] => 千惠丽
            [1] => http://www.zhangben.com/myaccount/subject/178020/
        )

    [12] => Array
        (
            [0] => 卢轶男
            [1] => http://www.zhangben.com/myaccount/subject/176990/
        )

    [13] => Array
        (
            [0] => 李方媛
            [1] => http://www.zhangben.com/myaccount/subject/176866/
        )

    [14] => Array
        (
            [0] => 郭建奇
            [1] => http://www.zhangben.com/myaccount/subject/154125/
        )

    [15] => Array
        (
            [0] => 王宇航
            [1] => http://www.zhangben.com/myaccount/subject/143234/
        )

    [16] => Array
        (
            [0] => 桂娜
            [1] => http://www.zhangben.com/myaccount/subject/143233/
        )

    [17] => Array
        (
            [0] => 李立
            [1] => http://www.zhangben.com/myaccount/subject/143178/
        )

    [18] => Array
        (
            [0] => 王健
            [1] => http://www.zhangben.com/myaccount/subject/160176/
        )

    [19] => Array
        (
            [0] => 郝航
            [1] => http://www.zhangben.com/myaccount/subject/176108/
        )

    [20] => Array
        (
            [0] => 公司支付宝
            [1] => http://www.zhangben.com/myaccount/subject/175557/
        )

    [21] => Array
        (
            [0] => 刘文博
            [1] => http://www.zhangben.com/myaccount/subject/174894/
        )

    [22] => Array
        (
            [0] => 王祺
            [1] => http://www.zhangben.com/myaccount/subject/144307/
        )

    [23] => Array
        (
            [0] => 颜灿
            [1] => http://www.zhangben.com/myaccount/subject/143169/
        )

    [24] => Array
        (
            [0] => 张颖超
            [1] => http://www.zhangben.com/myaccount/subject/176500/
        )

    [25] => Array
        (
            [0] => 林森
            [1] => http://www.zhangben.com/myaccount/subject/175659/
        )

    [26] => Array
        (
            [0] => 武斌
            [1] => http://www.zhangben.com/myaccount/subject/175658/
        )

    [27] => Array
        (
            [0] => 薛海宁
            [1] => http://www.zhangben.com/myaccount/subject/171781/
        )

    [28] => Array
        (
            [0] => 李远
            [1] => http://www.zhangben.com/myaccount/subject/171364/
        )

    [29] => Array
        (
            [0] => 卢力
            [1] => http://www.zhangben.com/myaccount/subject/168335/
        )

    [30] => Array
        (
            [0] => 黄勇
            [1] => http://www.zhangben.com/myaccount/subject/167358/
        )

    [31] => Array
        (
            [0] => 王博宇
            [1] => http://www.zhangben.com/myaccount/subject/167074/
        )

    [32] => Array
        (
            [0] => 姚晓威
            [1] => http://www.zhangben.com/myaccount/subject/167073/
        )

    [33] => Array
        (
            [0] => 王志强
            [1] => http://www.zhangben.com/myaccount/subject/167072/
        )

    [34] => Array
        (
            [0] => 樊虹
            [1] => http://www.zhangben.com/myaccount/subject/165473/
        )

    [35] => Array
        (
            [0] => 孙显姣
            [1] => http://www.zhangben.com/myaccount/subject/165276/
        )

    [36] => Array
        (
            [0] => 于文琦
            [1] => http://www.zhangben.com/myaccount/subject/164545/
        )

    [37] => Array
        (
            [0] => 刘佳
            [1] => http://www.zhangben.com/myaccount/subject/163705/
        )

    [38] => Array
        (
            [0] => 菊花
            [1] => http://www.zhangben.com/myaccount/subject/163686/
        )

    [39] => Array
        (
            [0] => 于吉鹏
            [1] => http://www.zhangben.com/myaccount/subject/163666/
        )

    [40] => Array
        (
            [0] => 杨凡
            [1] => http://www.zhangben.com/myaccount/subject/162743/
        )

    [41] => Array
        (
            [0] => 王月泉
            [1] => http://www.zhangben.com/myaccount/subject/162684/
        )

    [42] => Array
        (
            [0] => 史翔鹏
            [1] => http://www.zhangben.com/myaccount/subject/158933/
        )

    [43] => Array
        (
            [0] => 钟晓兰
            [1] => http://www.zhangben.com/myaccount/subject/158396/
        )

    [44] => Array
        (
            [0] => 妈妈
            [1] => http://www.zhangben.com/myaccount/subject/155982/
        )

    [45] => Array
        (
            [0] => 刘玲
            [1] => http://www.zhangben.com/myaccount/subject/154741/
        )

    [46] => Array
        (
            [0] => 冯淞
            [1] => http://www.zhangben.com/myaccount/subject/151063/
        )

    [47] => Array
        (
            [0] => 郝晓凯
            [1] => http://www.zhangben.com/myaccount/subject/144666/
        )

    [48] => Array
        (
            [0] => 刘沛
            [1] => http://www.zhangben.com/myaccount/subject/143237/
        )

    [49] => Array
        (
            [0] => 单鑫波
            [1] => http://www.zhangben.com/myaccount/subject/143230/
        )

)
